Line 30: Class TDBCalendar6Ctl.TDBCalendar of control TDBCalendar1 was not a loaded control class.
Line 36: The property name _Version in TDBCalendar1 is invalid.
Line 37: The property name _ExtentX in TDBCalendar1 is invalid.
Line 38: The property name _ExtentY in TDBCalendar1 is invalid.
Line 39: The property name ShowContextMenu in TDBCalendar1 is invalid.
Line 44: The property name StartOfMonth in TDBCalendar1 is invalid.
Line 45: The property name EmptyRows in TDBCalendar1 is invalid.
Line 47: The property name FirstMonth in TDBCalendar1 is invalid.
Line 57: The property name LineColors0 in TDBCalendar1 is invalid.
Line 58: The property name LineStyles0 in TDBCalendar1 is invalid.
Line 59: The property name LineColors1 in TDBCalendar1 is invalid.
Line 60: The property name LineStyles1 in TDBCalendar1 is invalid.
Line 61: The property name LineColors2 in TDBCalendar1 is invalid.
Line 62: The property name LineStyles2 in TDBCalendar1 is invalid.
Line 63: The property name LineColors3 in TDBCalendar1 is invalid.
Line 64: The property name LineStyles3 in TDBCalendar1 is invalid.
Line 65: The property name LineColors4 in TDBCalendar1 is invalid.
Line 66: The property name LineStyles4 in TDBCalendar1 is invalid.
Line 67: The property name LineColors5 in TDBCalendar1 is invalid.
Line 68: The property name LineStyles5 in TDBCalendar1 is invalid.
Line 69: The property name LineColors6 in TDBCalendar1 is invalid.
Line 70: The property name LineStyles6 in TDBCalendar1 is invalid.
Line 71: The property name MarginBottom in TDBCalendar1 is invalid.
Line 72: The property name MarginTitle in TDBCalendar1 is invalid.
Line 73: The property name MarginTop in TDBCalendar1 is invalid.
Line 74: The property name MarginLeft in TDBCalendar1 is invalid.
Line 75: The property name MarginRight in TDBCalendar1 is invalid.
Line 76: The property name MarginWidth in TDBCalendar1 is invalid.
Line 77: The property name MarginHeight in TDBCalendar1 is invalid.
Line 78: The property name MaxDate in TDBCalendar1 is invalid.
Line 79: The property name MinDate in TDBCalendar1 is invalid.
Line 81: The property name YearType in TDBCalendar1 is invalid.
Line 82: The property name MonthRows in TDBCalendar1 is invalid.
Line 83: The property name MonthCols in TDBCalendar1 is invalid.
Line 84: The property name MultiSelect in TDBCalendar1 is invalid.
Line 85: The property name NavOrientation in TDBCalendar1 is invalid.
Line 86: The property name ScrollRate in TDBCalendar1 is invalid.
Line 87: The property name ScrollTipAlign in TDBCalendar1 is invalid.
Line 88: The property name SelEdgeWidth in TDBCalendar1 is invalid.
Line 89: The property name SelectStyle in TDBCalendar1 is invalid.
Line 90: The property name SelectWhat in TDBCalendar1 is invalid.
Line 91: The property name ShowMenu in TDBCalendar1 is invalid.
Line 92: The property name ShowNavigator in TDBCalendar1 is invalid.
Line 93: The property name ShowScrollTip in TDBCalendar1 is invalid.
Line 94: The property name ShowTrailing in TDBCalendar1 is invalid.
Line 95: The property name StartOfWeek in TDBCalendar1 is invalid.
Line 96: The property name Templates in TDBCalendar1 is invalid.
Line 97: The property name TipInterval in TDBCalendar1 is invalid.
Line 98: The property name TitleHeight in TDBCalendar1 is invalid.
Line 99: The property name TitleFormat in TDBCalendar1 is invalid.
Line 100: The property name ValueIsNull in TDBCalendar1 is invalid.
Line 101: The property name Value in TDBCalendar1 is invalid.
Line 102: The property name OverrideTipText in TDBCalendar1 is invalid.
Line 103: The property name TopDate in TDBCalendar1 is invalid.
Line 104: The property name AttribStyles in TDBCalendar1 is invalid.
Line 105: The property name StyleSets in TDBCalendar1 is invalid.
Line 106: The property name CtrlType in TDBCalendar1 is invalid.
Line 107: The property name CtrlValue in TDBCalendar1 is invalid.
Line 108: The property name DayType in TDBCalendar1 is invalid.
Line 109: The property name DayValue in TDBCalendar1 is invalid.
Line 110: The property name TitleType in TDBCalendar1 is invalid.
Line 111: The property name TitleValue in TDBCalendar1 is invalid.
Line 112: The property name WeekType in TDBCalendar1 is invalid.
Line 113: The property name WeekValue in TDBCalendar1 is invalid.
Line 114: The property name TrailType in TDBCalendar1 is invalid.
Line 115: The property name TrailValue in TDBCalendar1 is invalid.
Line 116: The property name SelType in TDBCalendar1 is invalid.
Line 117: The property name SelValue in TDBCalendar1 is invalid.
Line 118: The property name WeekRests0 in TDBCalendar1 is invalid.
Line 119: The property name WeekReflect0 in TDBCalendar1 is invalid.
Line 120: The property name WeekCaption0 in TDBCalendar1 is invalid.
Line 121: The property name WeekAttrib0Type in TDBCalendar1 is invalid.
Line 122: The property name WeekAttrib0Value in TDBCalendar1 is invalid.
Line 123: The property name WeekRests1 in TDBCalendar1 is invalid.
Line 124: The property name WeekReflect1 in TDBCalendar1 is invalid.
Line 125: The property name WeekCaption1 in TDBCalendar1 is invalid.
Line 126: The property name WeekAttrib1Type in TDBCalendar1 is invalid.
Line 127: The property name WeekRests2 in TDBCalendar1 is invalid.
Line 128: The property name WeekReflect2 in TDBCalendar1 is invalid.
Line 129: The property name WeekCaption2 in TDBCalendar1 is invalid.
Line 130: The property name WeekAttrib2Type in TDBCalendar1 is invalid.
Line 131: The property name WeekRests3 in TDBCalendar1 is invalid.
Line 132: The property name WeekReflect3 in TDBCalendar1 is invalid.
Line 133: The property name WeekCaption3 in TDBCalendar1 is invalid.
Line 134: The property name WeekAttrib3Type in TDBCalendar1 is invalid.
Line 135: The property name WeekRests4 in TDBCalendar1 is invalid.
Line 136: The property name WeekReflect4 in TDBCalendar1 is invalid.
Line 137: The property name WeekCaption4 in TDBCalendar1 is invalid.
Line 138: The property name WeekAttrib4Type in TDBCalendar1 is invalid.
Line 139: The property name WeekRests5 in TDBCalendar1 is invalid.
Line 140: The property name WeekReflect5 in TDBCalendar1 is invalid.
Line 141: The property name WeekCaption5 in TDBCalendar1 is invalid.
Line 142: The property name WeekAttrib5Type in TDBCalendar1 is invalid.
Line 143: The property name WeekRests6 in TDBCalendar1 is invalid.
Line 144: The property name WeekReflect6 in TDBCalendar1 is invalid.
Line 145: The property name WeekCaption6 in TDBCalendar1 is invalid.
Line 146: The property name WeekAttrib6Type in TDBCalendar1 is invalid.
Line 147: The property name WeekAttrib6Value in TDBCalendar1 is invalid.
Line 148: The property name HolidayStyles in TDBCalendar1 is invalid.
Line 149: The property name UserStyles in TDBCalendar1 is invalid.
Line 150: The property name Key in TDBCalendar1 is invalid.
