Line 131: Class VSFlex8Ctl.VSFlexGrid of control fg was not a loaded control class.
Line 137: The property name _cx in fg is invalid.
Line 138: The property name _cy in fg is invalid.
Line 154: The property name BackColorFixed in fg is invalid.
Line 155: The property name ForeColorFixed in fg is invalid.
Line 156: The property name BackColorSel in fg is invalid.
Line 157: The property name ForeColorSel in fg is invalid.
Line 158: The property name BackColorBkg in fg is invalid.
Line 159: The property name BackColorAlternate in fg is invalid.
Line 160: The property name GridColor in fg is invalid.
Line 161: The property name GridColorFixed in fg is invalid.
Line 162: The property name TreeColor in fg is invalid.
Line 163: The property name FloodColor in fg is invalid.
Line 164: The property name SheetBorder in fg is invalid.
Line 165: The property name FocusRect in fg is invalid.
Line 166: The property name HighLight in fg is invalid.
Line 167: The property name AllowSelection in fg is invalid.
Line 168: The property name AllowBigSelection in fg is invalid.
Line 169: The property name AllowUserResizing in fg is invalid.
Line 170: The property name SelectionMode in fg is invalid.
Line 171: The property name GridLines in fg is invalid.
Line 172: The property name GridLinesFixed in fg is invalid.
Line 173: The property name GridLineWidth in fg is invalid.
Line 174: The property name Rows in fg is invalid.
Line 175: The property name Cols in fg is invalid.
Line 176: The property name FixedRows in fg is invalid.
Line 177: The property name FixedCols in fg is invalid.
Line 178: The property name RowHeightMin in fg is invalid.
Line 179: The property name RowHeightMax in fg is invalid.
Line 180: The property name ColWidthMin in fg is invalid.
Line 181: The property name ColWidthMax in fg is invalid.
Line 182: The property name ExtendLastCol in fg is invalid.
Line 183: The property name FormatString in fg is invalid.
Line 184: The property name ScrollTrack in fg is invalid.
Line 185: The property name ScrollBars in fg is invalid.
Line 186: The property name ScrollTips in fg is invalid.
Line 187: The property name MergeCells in fg is invalid.
Line 188: The property name MergeCompare in fg is invalid.
Line 189: The property name AutoResize in fg is invalid.
Line 190: The property name AutoSizeMode in fg is invalid.
Line 191: The property name AutoSearch in fg is invalid.
Line 192: The property name AutoSearchDelay in fg is invalid.
Line 193: The property name MultiTotals in fg is invalid.
Line 194: The property name SubtotalPosition in fg is invalid.
Line 195: The property name OutlineBar in fg is invalid.
Line 196: The property name OutlineCol in fg is invalid.
Line 197: The property name Ellipsis in fg is invalid.
Line 198: The property name ExplorerBar in fg is invalid.
Line 199: The property name PicturesOver in fg is invalid.
Line 202: The property name PictureType in fg is invalid.
Line 203: The property name TabBehavior in fg is invalid.
Line 204: The property name OwnerDraw in fg is invalid.
Line 205: The property name Editable in fg is invalid.
Line 206: The property name ShowComboButton in fg is invalid.
Line 207: The property name WordWrap in fg is invalid.
Line 208: The property name TextStyle in fg is invalid.
Line 209: The property name TextStyleFixed in fg is invalid.
Line 212: The property name DataMode in fg is invalid.
Line 213: The property name VirtualData in fg is invalid.
Line 215: The property name ComboSearch in fg is invalid.
Line 216: The property name AutoSizeMouse in fg is invalid.
Line 217: The property name FrozenRows in fg is invalid.
Line 218: The property name FrozenCols in fg is invalid.
Line 219: The property name AllowUserFreezing in fg is invalid.
Line 220: The property name BackColorFrozen in fg is invalid.
Line 221: The property name ForeColorFrozen in fg is invalid.
Line 222: The property name WallPaperAlignment in fg is invalid.
Line 223: The property name AccessibleName in fg is invalid.
Line 224: The property name AccessibleDescription in fg is invalid.
Line 225: The property name AccessibleValue in fg is invalid.
Line 226: The property name AccessibleRole in fg is invalid.
