Line 58: Class TabDlg.SSTab of control SSTab1 was not a loaded control class.
Line 89: Class TDBText6Ctl.TDBText of control ttxtLastName was not a loaded control class.
Line 147: Class TDBText6Ctl.TDBText of control ttxtMidInit was not a loaded control class.
Line 205: Class TDBText6Ctl.TDBText of control ttxtFirstName was not a loaded control class.
Line 263: Class TDBNumber6Ctl.TDBNumber of control tlngEmployeeNumber was not a loaded control class.
Line 64: The property name _ExtentX in SSTab1 is invalid.
Line 65: The property name _ExtentY in SSTab1 is invalid.
Line 66: The property name _Version in SSTab1 is invalid.
Line 67: The property name Tab in SSTab1 is invalid.
Line 68: The property name TabHeight in SSTab1 is invalid.
Line 69: The property name TabCaption(0) in SSTab1 is invalid.
Line 70: The property name TabPicture(0) in SSTab1 is invalid.
Line 71: The property name Tab(0).ControlEnabled in SSTab1 is invalid.
Line 72: The property name Tab(0).Control(0) in SSTab1 is invalid.
Line 73: The property name Tab(0).Control(0).Enabled in SSTab1 is invalid.
Line 74: The property name Tab(0).Control(1) in SSTab1 is invalid.
Line 75: The property name Tab(0).Control(1).Enabled in SSTab1 is invalid.
Line 76: The property name Tab(0).Control(2) in SSTab1 is invalid.
Line 77: The property name Tab(0).Control(2).Enabled in SSTab1 is invalid.
Line 78: The property name Tab(0).Control(3) in SSTab1 is invalid.
Line 79: The property name Tab(0).Control(3).Enabled in SSTab1 is invalid.
Line 80: The property name Tab(0).ControlCount in SSTab1 is invalid.
Line 81: The property name TabCaption(1) in SSTab1 is invalid.
Line 82: The property name TabPicture(1) in SSTab1 is invalid.
Line 83: The property name Tab(1).ControlEnabled in SSTab1 is invalid.
Line 84: The property name Tab(1).ControlCount in SSTab1 is invalid.
Line 85: The property name TabCaption(2) in SSTab1 is invalid.
Line 86: The property name TabPicture(2) in SSTab1 is invalid.
Line 87: The property name Tab(2).ControlEnabled in SSTab1 is invalid.
Line 88: The property name Tab(2).ControlCount in SSTab1 is invalid.
Line 95: The property name _Version in ttxtLastName is invalid.
Line 96: The property name _ExtentX in ttxtLastName is invalid.
Line 97: The property name _ExtentY in ttxtLastName is invalid.
Line 98: The property name Caption in ttxtLastName is invalid.
Line 108: The property name DropDown in ttxtLastName is invalid.
Line 109: The property name Key in ttxtLastName is invalid.
Line 111: The property name EditMode in ttxtLastName is invalid.
Line 113: The property name ReadOnly in ttxtLastName is invalid.
Line 114: The property name ShowContextMenu in ttxtLastName is invalid.
Line 115: The property name MarginLeft in ttxtLastName is invalid.
Line 116: The property name MarginRight in ttxtLastName is invalid.
Line 117: The property name MarginTop in ttxtLastName is invalid.
Line 118: The property name MarginBottom in ttxtLastName is invalid.
Line 123: The property name AlignHorizontal in ttxtLastName is invalid.
Line 124: The property name AlignVertical in ttxtLastName is invalid.
Line 125: The property name MultiLine in ttxtLastName is invalid.
Line 126: The property name ScrollBars in ttxtLastName is invalid.
Line 127: The property name PasswordChar in ttxtLastName is invalid.
Line 128: The property name AllowSpace in ttxtLastName is invalid.
Line 129: The property name Format in ttxtLastName is invalid.
Line 130: The property name FormatMode in ttxtLastName is invalid.
Line 131: The property name AutoConvert in ttxtLastName is invalid.
Line 132: The property name ErrorBeep in ttxtLastName is invalid.
Line 133: The property name MaxLength in ttxtLastName is invalid.
Line 134: The property name LengthAsByte in ttxtLastName is invalid.
Line 135: The property name Text in ttxtLastName is invalid.
Line 136: The property name Furigana in ttxtLastName is invalid.
Line 137: The property name HighlightText in ttxtLastName is invalid.
Line 139: The property name IMEStatus in ttxtLastName is invalid.
Line 140: The property name DropWndWidth in ttxtLastName is invalid.
Line 141: The property name DropWndHeight in ttxtLastName is invalid.
Line 142: The property name ScrollBarMode in ttxtLastName is invalid.
Line 143: The property name MoveOnLRKey in ttxtLastName is invalid.
Line 153: The property name _Version in ttxtMidInit is invalid.
Line 154: The property name _ExtentX in ttxtMidInit is invalid.
Line 155: The property name _ExtentY in ttxtMidInit is invalid.
Line 156: The property name Caption in ttxtMidInit is invalid.
Line 166: The property name DropDown in ttxtMidInit is invalid.
Line 167: The property name Key in ttxtMidInit is invalid.
Line 169: The property name EditMode in ttxtMidInit is invalid.
Line 171: The property name ReadOnly in ttxtMidInit is invalid.
Line 172: The property name ShowContextMenu in ttxtMidInit is invalid.
Line 173: The property name MarginLeft in ttxtMidInit is invalid.
Line 174: The property name MarginRight in ttxtMidInit is invalid.
Line 175: The property name MarginTop in ttxtMidInit is invalid.
Line 176: The property name MarginBottom in ttxtMidInit is invalid.
Line 181: The property name AlignHorizontal in ttxtMidInit is invalid.
Line 182: The property name AlignVertical in ttxtMidInit is invalid.
Line 183: The property name MultiLine in ttxtMidInit is invalid.
Line 184: The property name ScrollBars in ttxtMidInit is invalid.
Line 185: The property name PasswordChar in ttxtMidInit is invalid.
Line 186: The property name AllowSpace in ttxtMidInit is invalid.
Line 187: The property name Format in ttxtMidInit is invalid.
Line 188: The property name FormatMode in ttxtMidInit is invalid.
Line 189: The property name AutoConvert in ttxtMidInit is invalid.
Line 190: The property name ErrorBeep in ttxtMidInit is invalid.
Line 191: The property name MaxLength in ttxtMidInit is invalid.
Line 192: The property name LengthAsByte in ttxtMidInit is invalid.
Line 193: The property name Text in ttxtMidInit is invalid.
Line 194: The property name Furigana in ttxtMidInit is invalid.
Line 195: The property name HighlightText in ttxtMidInit is invalid.
Line 197: The property name IMEStatus in ttxtMidInit is invalid.
Line 198: The property name DropWndWidth in ttxtMidInit is invalid.
Line 199: The property name DropWndHeight in ttxtMidInit is invalid.
Line 200: The property name ScrollBarMode in ttxtMidInit is invalid.
Line 201: The property name MoveOnLRKey in ttxtMidInit is invalid.
Line 211: The property name _Version in ttxtFirstName is invalid.
Line 212: The property name _ExtentX in ttxtFirstName is invalid.
Line 213: The property name _ExtentY in ttxtFirstName is invalid.
Line 214: The property name Caption in ttxtFirstName is invalid.
Line 224: The property name DropDown in ttxtFirstName is invalid.
Line 225: The property name Key in ttxtFirstName is invalid.
Line 227: The property name EditMode in ttxtFirstName is invalid.
Line 229: The property name ReadOnly in ttxtFirstName is invalid.
Line 230: The property name ShowContextMenu in ttxtFirstName is invalid.
Line 231: The property name MarginLeft in ttxtFirstName is invalid.
Line 232: The property name MarginRight in ttxtFirstName is invalid.
Line 233: The property name MarginTop in ttxtFirstName is invalid.
Line 234: The property name MarginBottom in ttxtFirstName is invalid.
Line 239: The property name AlignHorizontal in ttxtFirstName is invalid.
Line 240: The property name AlignVertical in ttxtFirstName is invalid.
Line 241: The property name MultiLine in ttxtFirstName is invalid.
Line 242: The property name ScrollBars in ttxtFirstName is invalid.
Line 243: The property name PasswordChar in ttxtFirstName is invalid.
Line 244: The property name AllowSpace in ttxtFirstName is invalid.
Line 245: The property name Format in ttxtFirstName is invalid.
Line 246: The property name FormatMode in ttxtFirstName is invalid.
Line 247: The property name AutoConvert in ttxtFirstName is invalid.
Line 248: The property name ErrorBeep in ttxtFirstName is invalid.
Line 249: The property name MaxLength in ttxtFirstName is invalid.
Line 250: The property name LengthAsByte in ttxtFirstName is invalid.
Line 251: The property name Text in ttxtFirstName is invalid.
Line 252: The property name Furigana in ttxtFirstName is invalid.
Line 253: The property name HighlightText in ttxtFirstName is invalid.
Line 255: The property name IMEStatus in ttxtFirstName is invalid.
Line 256: The property name DropWndWidth in ttxtFirstName is invalid.
Line 257: The property name DropWndHeight in ttxtFirstName is invalid.
Line 258: The property name ScrollBarMode in ttxtFirstName is invalid.
Line 259: The property name MoveOnLRKey in ttxtFirstName is invalid.
Line 269: The property name _Version in tlngEmployeeNumber is invalid.
Line 270: The property name _ExtentX in tlngEmployeeNumber is invalid.
Line 271: The property name _ExtentY in tlngEmployeeNumber is invalid.
Line 272: The property name Calculator in tlngEmployeeNumber is invalid.
Line 273: The property name Caption in tlngEmployeeNumber is invalid.
Line 283: The property name DropDown in tlngEmployeeNumber is invalid.
Line 284: The property name Keys in tlngEmployeeNumber is invalid.
Line 285: The property name Spin in tlngEmployeeNumber is invalid.
Line 286: The property name AlignHorizontal in tlngEmployeeNumber is invalid.
Line 287: The property name AlignVertical in tlngEmployeeNumber is invalid.
Line 291: The property name BtnPositioning in tlngEmployeeNumber is invalid.
Line 292: The property name ClipMode in tlngEmployeeNumber is invalid.
Line 293: The property name ClearAction in tlngEmployeeNumber is invalid.
Line 294: The property name DecimalPoint in tlngEmployeeNumber is invalid.
Line 295: The property name DisplayFormat in tlngEmployeeNumber is invalid.
Line 296: The property name EditMode in tlngEmployeeNumber is invalid.
Line 298: The property name ErrorBeep in tlngEmployeeNumber is invalid.
Line 300: The property name Format in tlngEmployeeNumber is invalid.
Line 301: The property name HighlightText in tlngEmployeeNumber is invalid.
Line 302: The property name MarginBottom in tlngEmployeeNumber is invalid.
Line 303: The property name MarginLeft in tlngEmployeeNumber is invalid.
Line 304: The property name MarginRight in tlngEmployeeNumber is invalid.
Line 305: The property name MarginTop in tlngEmployeeNumber is invalid.
Line 306: The property name MaxValue in tlngEmployeeNumber is invalid.
Line 307: The property name MinValue in tlngEmployeeNumber is invalid.
Line 309: The property name MoveOnLRKey in tlngEmployeeNumber is invalid.
Line 310: The property name NegativeColor in tlngEmployeeNumber is invalid.
Line 313: The property name ReadOnly in tlngEmployeeNumber is invalid.
Line 314: The property name Separator in tlngEmployeeNumber is invalid.
Line 315: The property name ShowContextMenu in tlngEmployeeNumber is invalid.
Line 316: The property name ValueVT in tlngEmployeeNumber is invalid.
Line 317: The property name Value in tlngEmployeeNumber is invalid.
Line 318: The property name MaxValueVT in tlngEmployeeNumber is invalid.
Line 319: The property name MinValueVT in tlngEmployeeNumber is invalid.
