Line 13: Class MSComCtl2.UpDown of control updBalSheetCol was not a loaded control class.
Line 40: Class MSComCtl2.UpDown of control updTotalLevel was not a loaded control class.
Line 19: The property name _ExtentX in updBalSheetCol is invalid.
Line 20: The property name _ExtentY in updBalSheetCol is invalid.
Line 21: The property name _Version in updBalSheetCol is invalid.
Line 22: The property name BuddyControl in updBalSheetCol is invalid.
Line 23: The property name BuddyDispid in updBalSheetCol is invalid.
Line 24: The property name OrigLeft in updBalSheetCol is invalid.
Line 25: The property name OrigTop in updBalSheetCol is invalid.
Line 26: The property name OrigRight in updBalSheetCol is invalid.
Line 27: The property name OrigBottom in updBalSheetCol is invalid.
Line 28: The property name Max in updBalSheetCol is invalid.
Line 29: The property name SyncBuddy in updBalSheetCol is invalid.
Line 30: The property name BuddyProperty in updBalSheetCol is invalid.
Line 46: The property name _ExtentX in updTotalLevel is invalid.
Line 47: The property name _ExtentY in updTotalLevel is invalid.
Line 48: The property name _Version in updTotalLevel is invalid.
Line 49: The property name Value in updTotalLevel is invalid.
Line 50: The property name BuddyControl in updTotalLevel is invalid.
Line 51: The property name BuddyDispid in updTotalLevel is invalid.
Line 52: The property name OrigLeft in updTotalLevel is invalid.
Line 53: The property name OrigTop in updTotalLevel is invalid.
Line 54: The property name OrigRight in updTotalLevel is invalid.
Line 55: The property name OrigBottom in updTotalLevel is invalid.
Line 56: The property name SyncBuddy in updTotalLevel is invalid.
Line 57: The property name BuddyProperty in updTotalLevel is invalid.
