Line 32: Class TDBText6Ctl.TDBText of control tdbDescFind was not a loaded control class.
Line 182: Class VSFlex8Ctl.VSFlexGrid of control fg was not a loaded control class.
Line 38: The property name _Version in tdbDescFind is invalid.
Line 39: The property name _ExtentX in tdbDescFind is invalid.
Line 40: The property name _ExtentY in tdbDescFind is invalid.
Line 41: The property name Caption in tdbDescFind is invalid.
Line 51: The property name DropDown in tdbDescFind is invalid.
Line 52: The property name Key in tdbDescFind is invalid.
Line 54: The property name EditMode in tdbDescFind is invalid.
Line 56: The property name ReadOnly in tdbDescFind is invalid.
Line 57: The property name ShowContextMenu in tdbDescFind is invalid.
Line 58: The property name MarginLeft in tdbDescFind is invalid.
Line 59: The property name MarginRight in tdbDescFind is invalid.
Line 60: The property name MarginTop in tdbDescFind is invalid.
Line 61: The property name MarginBottom in tdbDescFind is invalid.
Line 66: The property name AlignHorizontal in tdbDescFind is invalid.
Line 67: The property name AlignVertical in tdbDescFind is invalid.
Line 68: The property name MultiLine in tdbDescFind is invalid.
Line 69: The property name ScrollBars in tdbDescFind is invalid.
Line 70: The property name PasswordChar in tdbDescFind is invalid.
Line 71: The property name AllowSpace in tdbDescFind is invalid.
Line 72: The property name Format in tdbDescFind is invalid.
Line 73: The property name FormatMode in tdbDescFind is invalid.
Line 74: The property name AutoConvert in tdbDescFind is invalid.
Line 75: The property name ErrorBeep in tdbDescFind is invalid.
Line 76: The property name MaxLength in tdbDescFind is invalid.
Line 77: The property name LengthAsByte in tdbDescFind is invalid.
Line 78: The property name Text in tdbDescFind is invalid.
Line 79: The property name Furigana in tdbDescFind is invalid.
Line 80: The property name HighlightText in tdbDescFind is invalid.
Line 82: The property name IMEStatus in tdbDescFind is invalid.
Line 83: The property name DropWndWidth in tdbDescFind is invalid.
Line 84: The property name DropWndHeight in tdbDescFind is invalid.
Line 85: The property name ScrollBarMode in tdbDescFind is invalid.
Line 86: The property name MoveOnLRKey in tdbDescFind is invalid.
Line 99: Property Calculator in tdbNumberFind had an invalid file reference.
Line 100: Property Caption in tdbNumberFind had an invalid file reference.
Line 110: Property DropDown in tdbNumberFind had an invalid file reference.
Line 111: Property Keys in tdbNumberFind had an invalid file reference.
Line 112: Property Spin in tdbNumberFind had an invalid file reference.
Line 188: The property name _cx in fg is invalid.
Line 189: The property name _cy in fg is invalid.
Line 205: The property name BackColorFixed in fg is invalid.
Line 206: The property name ForeColorFixed in fg is invalid.
Line 207: The property name BackColorSel in fg is invalid.
Line 208: The property name ForeColorSel in fg is invalid.
Line 209: The property name BackColorBkg in fg is invalid.
Line 210: The property name BackColorAlternate in fg is invalid.
Line 211: The property name GridColor in fg is invalid.
Line 212: The property name GridColorFixed in fg is invalid.
Line 213: The property name TreeColor in fg is invalid.
Line 214: The property name FloodColor in fg is invalid.
Line 215: The property name SheetBorder in fg is invalid.
Line 216: The property name FocusRect in fg is invalid.
Line 217: The property name HighLight in fg is invalid.
Line 218: The property name AllowSelection in fg is invalid.
Line 219: The property name AllowBigSelection in fg is invalid.
Line 220: The property name AllowUserResizing in fg is invalid.
Line 221: The property name SelectionMode in fg is invalid.
Line 222: The property name GridLines in fg is invalid.
Line 223: The property name GridLinesFixed in fg is invalid.
Line 224: The property name GridLineWidth in fg is invalid.
Line 225: The property name Rows in fg is invalid.
Line 226: The property name Cols in fg is invalid.
Line 227: The property name FixedRows in fg is invalid.
Line 228: The property name FixedCols in fg is invalid.
Line 229: The property name RowHeightMin in fg is invalid.
Line 230: The property name RowHeightMax in fg is invalid.
Line 231: The property name ColWidthMin in fg is invalid.
Line 232: The property name ColWidthMax in fg is invalid.
Line 233: The property name ExtendLastCol in fg is invalid.
Line 234: The property name FormatString in fg is invalid.
Line 235: The property name ScrollTrack in fg is invalid.
Line 236: The property name ScrollBars in fg is invalid.
Line 237: The property name ScrollTips in fg is invalid.
Line 238: The property name MergeCells in fg is invalid.
Line 239: The property name MergeCompare in fg is invalid.
Line 240: The property name AutoResize in fg is invalid.
Line 241: The property name AutoSizeMode in fg is invalid.
Line 242: The property name AutoSearch in fg is invalid.
Line 243: The property name AutoSearchDelay in fg is invalid.
Line 244: The property name MultiTotals in fg is invalid.
Line 245: The property name SubtotalPosition in fg is invalid.
Line 246: The property name OutlineBar in fg is invalid.
Line 247: The property name OutlineCol in fg is invalid.
Line 248: The property name Ellipsis in fg is invalid.
Line 249: The property name ExplorerBar in fg is invalid.
Line 250: The property name PicturesOver in fg is invalid.
Line 253: The property name PictureType in fg is invalid.
Line 254: The property name TabBehavior in fg is invalid.
Line 255: The property name OwnerDraw in fg is invalid.
Line 256: The property name Editable in fg is invalid.
Line 257: The property name ShowComboButton in fg is invalid.
Line 258: The property name WordWrap in fg is invalid.
Line 259: The property name TextStyle in fg is invalid.
Line 260: The property name TextStyleFixed in fg is invalid.
Line 263: The property name DataMode in fg is invalid.
Line 264: The property name VirtualData in fg is invalid.
Line 266: The property name ComboSearch in fg is invalid.
Line 267: The property name AutoSizeMouse in fg is invalid.
Line 268: The property name FrozenRows in fg is invalid.
Line 269: The property name FrozenCols in fg is invalid.
Line 270: The property name AllowUserFreezing in fg is invalid.
Line 271: The property name BackColorFrozen in fg is invalid.
Line 272: The property name ForeColorFrozen in fg is invalid.
Line 273: The property name WallPaperAlignment in fg is invalid.
Line 274: The property name AccessibleName in fg is invalid.
Line 275: The property name AccessibleDescription in fg is invalid.
Line 276: The property name AccessibleValue in fg is invalid.
Line 277: The property name AccessibleRole in fg is invalid.
