Line 49: Class TDBNumber6Ctl.TDBNumber of control tdbnumBChecks was not a loaded control class.
Line 107: Class TDBNumber6Ctl.TDBNumber of control tdbnumBRegHrs was not a loaded control class.
Line 181: Class TDBNumber6Ctl.TDBNumber of control tdbnumCheckNum was not a loaded control class.
Line 271: Class TDBNumber6Ctl.TDBNumber of control tdbnumDirDepTotal was not a loaded control class.
Line 362: Class VSFlex8Ctl.VSFlexGrid of control fgEMP was not a loaded control class.
Line 459: Class TDBNumber6Ctl.TDBNumber of control tdbnumCheckTotal was not a loaded control class.
Line 517: Class TDBNumber6Ctl.TDBNumber of control tdbnumNetPayTotal was not a loaded control class.
Line 575: Class TDBNumber6Ctl.TDBNumber of control tdbnumDedTotal was not a loaded control class.
Line 633: Class TDBNumber6Ctl.TDBNumber of control tdbnumERNTotal was not a loaded control class.
Line 691: Class VSFlex8Ctl.VSFlexGrid of control fgDED was not a loaded control class.
Line 788: Class VSFlex8Ctl.VSFlexGrid of control fgERN was not a loaded control class.
Line 885: Class TDBNumber6Ctl.TDBNumber of control tdbnumTaxTotal was not a loaded control class.
Line 943: Class TDBNumber6Ctl.TDBNumber of control tdbnumHrTotal was not a loaded control class.
Line 1001: Class TDBNumber6Ctl.TDBNumber of control tdbnumBOHrs was not a loaded control class.
Line 1059: Class TDBNumber6Ctl.TDBNumber of control tdbnumBTlHrs was not a loaded control class.
Line 1117: Class TDBNumber6Ctl.TDBNumber of control tdbnumBRegErn was not a loaded control class.
Line 1175: Class TDBNumber6Ctl.TDBNumber of control tdbnumBOEarng was not a loaded control class.
Line 1233: Class TDBNumber6Ctl.TDBNumber of control tdbnumBTlEarng was not a loaded control class.
Line 55: The property name _Version in tdbnumBChecks is invalid.
Line 56: The property name _ExtentX in tdbnumBChecks is invalid.
Line 57: The property name _ExtentY in tdbnumBChecks is invalid.
Line 58: The property name Calculator in tdbnumBChecks is invalid.
Line 59: The property name Caption in tdbnumBChecks is invalid.
Line 69: The property name DropDown in tdbnumBChecks is invalid.
Line 70: The property name Keys in tdbnumBChecks is invalid.
Line 71: The property name Spin in tdbnumBChecks is invalid.
Line 72: The property name AlignHorizontal in tdbnumBChecks is invalid.
Line 73: The property name AlignVertical in tdbnumBChecks is invalid.
Line 77: The property name BtnPositioning in tdbnumBChecks is invalid.
Line 78: The property name ClipMode in tdbnumBChecks is invalid.
Line 79: The property name ClearAction in tdbnumBChecks is invalid.
Line 80: The property name DecimalPoint in tdbnumBChecks is invalid.
Line 81: The property name DisplayFormat in tdbnumBChecks is invalid.
Line 82: The property name EditMode in tdbnumBChecks is invalid.
Line 84: The property name ErrorBeep in tdbnumBChecks is invalid.
Line 86: The property name Format in tdbnumBChecks is invalid.
Line 87: The property name HighlightText in tdbnumBChecks is invalid.
Line 88: The property name MarginBottom in tdbnumBChecks is invalid.
Line 89: The property name MarginLeft in tdbnumBChecks is invalid.
Line 90: The property name MarginRight in tdbnumBChecks is invalid.
Line 91: The property name MarginTop in tdbnumBChecks is invalid.
Line 92: The property name MaxValue in tdbnumBChecks is invalid.
Line 93: The property name MinValue in tdbnumBChecks is invalid.
Line 95: The property name MoveOnLRKey in tdbnumBChecks is invalid.
Line 96: The property name NegativeColor in tdbnumBChecks is invalid.
Line 99: The property name ReadOnly in tdbnumBChecks is invalid.
Line 100: The property name Separator in tdbnumBChecks is invalid.
Line 101: The property name ShowContextMenu in tdbnumBChecks is invalid.
Line 102: The property name ValueVT in tdbnumBChecks is invalid.
Line 103: The property name Value in tdbnumBChecks is invalid.
Line 104: The property name MaxValueVT in tdbnumBChecks is invalid.
Line 105: The property name MinValueVT in tdbnumBChecks is invalid.
Line 113: The property name _Version in tdbnumBRegHrs is invalid.
Line 114: The property name _ExtentX in tdbnumBRegHrs is invalid.
Line 115: The property name _ExtentY in tdbnumBRegHrs is invalid.
Line 116: The property name Calculator in tdbnumBRegHrs is invalid.
Line 117: The property name Caption in tdbnumBRegHrs is invalid.
Line 127: The property name DropDown in tdbnumBRegHrs is invalid.
Line 128: The property name Keys in tdbnumBRegHrs is invalid.
Line 129: The property name Spin in tdbnumBRegHrs is invalid.
Line 130: The property name AlignHorizontal in tdbnumBRegHrs is invalid.
Line 131: The property name AlignVertical in tdbnumBRegHrs is invalid.
Line 135: The property name BtnPositioning in tdbnumBRegHrs is invalid.
Line 136: The property name ClipMode in tdbnumBRegHrs is invalid.
Line 137: The property name ClearAction in tdbnumBRegHrs is invalid.
Line 138: The property name DecimalPoint in tdbnumBRegHrs is invalid.
Line 139: The property name DisplayFormat in tdbnumBRegHrs is invalid.
Line 140: The property name EditMode in tdbnumBRegHrs is invalid.
Line 142: The property name ErrorBeep in tdbnumBRegHrs is invalid.
Line 144: The property name Format in tdbnumBRegHrs is invalid.
Line 145: The property name HighlightText in tdbnumBRegHrs is invalid.
Line 146: The property name MarginBottom in tdbnumBRegHrs is invalid.
Line 147: The property name MarginLeft in tdbnumBRegHrs is invalid.
Line 148: The property name MarginRight in tdbnumBRegHrs is invalid.
Line 149: The property name MarginTop in tdbnumBRegHrs is invalid.
Line 150: The property name MaxValue in tdbnumBRegHrs is invalid.
Line 151: The property name MinValue in tdbnumBRegHrs is invalid.
Line 153: The property name MoveOnLRKey in tdbnumBRegHrs is invalid.
Line 154: The property name NegativeColor in tdbnumBRegHrs is invalid.
Line 157: The property name ReadOnly in tdbnumBRegHrs is invalid.
Line 158: The property name Separator in tdbnumBRegHrs is invalid.
Line 159: The property name ShowContextMenu in tdbnumBRegHrs is invalid.
Line 160: The property name ValueVT in tdbnumBRegHrs is invalid.
Line 161: The property name Value in tdbnumBRegHrs is invalid.
Line 162: The property name MaxValueVT in tdbnumBRegHrs is invalid.
Line 163: The property name MinValueVT in tdbnumBRegHrs is invalid.
Line 187: The property name _Version in tdbnumCheckNum is invalid.
Line 188: The property name _ExtentX in tdbnumCheckNum is invalid.
Line 189: The property name _ExtentY in tdbnumCheckNum is invalid.
Line 190: The property name Calculator in tdbnumCheckNum is invalid.
Line 191: The property name Caption in tdbnumCheckNum is invalid.
Line 201: The property name DropDown in tdbnumCheckNum is invalid.
Line 202: The property name Keys in tdbnumCheckNum is invalid.
Line 203: The property name Spin in tdbnumCheckNum is invalid.
Line 204: The property name AlignHorizontal in tdbnumCheckNum is invalid.
Line 205: The property name AlignVertical in tdbnumCheckNum is invalid.
Line 209: The property name BtnPositioning in tdbnumCheckNum is invalid.
Line 210: The property name ClipMode in tdbnumCheckNum is invalid.
Line 211: The property name ClearAction in tdbnumCheckNum is invalid.
Line 212: The property name DecimalPoint in tdbnumCheckNum is invalid.
Line 213: The property name DisplayFormat in tdbnumCheckNum is invalid.
Line 214: The property name EditMode in tdbnumCheckNum is invalid.
Line 216: The property name ErrorBeep in tdbnumCheckNum is invalid.
Line 218: The property name Format in tdbnumCheckNum is invalid.
Line 219: The property name HighlightText in tdbnumCheckNum is invalid.
Line 220: The property name MarginBottom in tdbnumCheckNum is invalid.
Line 221: The property name MarginLeft in tdbnumCheckNum is invalid.
Line 222: The property name MarginRight in tdbnumCheckNum is invalid.
Line 223: The property name MarginTop in tdbnumCheckNum is invalid.
Line 224: The property name MaxValue in tdbnumCheckNum is invalid.
Line 225: The property name MinValue in tdbnumCheckNum is invalid.
Line 227: The property name MoveOnLRKey in tdbnumCheckNum is invalid.
Line 228: The property name NegativeColor in tdbnumCheckNum is invalid.
Line 231: The property name ReadOnly in tdbnumCheckNum is invalid.
Line 232: The property name Separator in tdbnumCheckNum is invalid.
Line 233: The property name ShowContextMenu in tdbnumCheckNum is invalid.
Line 234: The property name ValueVT in tdbnumCheckNum is invalid.
Line 235: The property name Value in tdbnumCheckNum is invalid.
Line 236: The property name MaxValueVT in tdbnumCheckNum is invalid.
Line 237: The property name MinValueVT in tdbnumCheckNum is invalid.
Line 277: The property name _Version in tdbnumDirDepTotal is invalid.
Line 278: The property name _ExtentX in tdbnumDirDepTotal is invalid.
Line 279: The property name _ExtentY in tdbnumDirDepTotal is invalid.
Line 280: The property name Calculator in tdbnumDirDepTotal is invalid.
Line 281: The property name Caption in tdbnumDirDepTotal is invalid.
Line 291: The property name DropDown in tdbnumDirDepTotal is invalid.
Line 292: The property name Keys in tdbnumDirDepTotal is invalid.
Line 293: The property name Spin in tdbnumDirDepTotal is invalid.
Line 294: The property name AlignHorizontal in tdbnumDirDepTotal is invalid.
Line 295: The property name AlignVertical in tdbnumDirDepTotal is invalid.
Line 299: The property name BtnPositioning in tdbnumDirDepTotal is invalid.
Line 300: The property name ClipMode in tdbnumDirDepTotal is invalid.
Line 301: The property name ClearAction in tdbnumDirDepTotal is invalid.
Line 302: The property name DecimalPoint in tdbnumDirDepTotal is invalid.
Line 303: The property name DisplayFormat in tdbnumDirDepTotal is invalid.
Line 304: The property name EditMode in tdbnumDirDepTotal is invalid.
Line 306: The property name ErrorBeep in tdbnumDirDepTotal is invalid.
Line 308: The property name Format in tdbnumDirDepTotal is invalid.
Line 309: The property name HighlightText in tdbnumDirDepTotal is invalid.
Line 310: The property name MarginBottom in tdbnumDirDepTotal is invalid.
Line 311: The property name MarginLeft in tdbnumDirDepTotal is invalid.
Line 312: The property name MarginRight in tdbnumDirDepTotal is invalid.
Line 313: The property name MarginTop in tdbnumDirDepTotal is invalid.
Line 314: The property name MaxValue in tdbnumDirDepTotal is invalid.
Line 315: The property name MinValue in tdbnumDirDepTotal is invalid.
Line 317: The property name MoveOnLRKey in tdbnumDirDepTotal is invalid.
Line 318: The property name NegativeColor in tdbnumDirDepTotal is invalid.
Line 321: The property name ReadOnly in tdbnumDirDepTotal is invalid.
Line 322: The property name Separator in tdbnumDirDepTotal is invalid.
Line 323: The property name ShowContextMenu in tdbnumDirDepTotal is invalid.
Line 324: The property name ValueVT in tdbnumDirDepTotal is invalid.
Line 325: The property name Value in tdbnumDirDepTotal is invalid.
Line 326: The property name MaxValueVT in tdbnumDirDepTotal is invalid.
Line 327: The property name MinValueVT in tdbnumDirDepTotal is invalid.
Line 368: The property name _cx in fgEMP is invalid.
Line 369: The property name _cy in fgEMP is invalid.
Line 385: The property name BackColorFixed in fgEMP is invalid.
Line 386: The property name ForeColorFixed in fgEMP is invalid.
Line 387: The property name BackColorSel in fgEMP is invalid.
Line 388: The property name ForeColorSel in fgEMP is invalid.
Line 389: The property name BackColorBkg in fgEMP is invalid.
Line 390: The property name BackColorAlternate in fgEMP is invalid.
Line 391: The property name GridColor in fgEMP is invalid.
Line 392: The property name GridColorFixed in fgEMP is invalid.
Line 393: The property name TreeColor in fgEMP is invalid.
Line 394: The property name FloodColor in fgEMP is invalid.
Line 395: The property name SheetBorder in fgEMP is invalid.
Line 396: The property name FocusRect in fgEMP is invalid.
Line 397: The property name HighLight in fgEMP is invalid.
Line 398: The property name AllowSelection in fgEMP is invalid.
Line 399: The property name AllowBigSelection in fgEMP is invalid.
Line 400: The property name AllowUserResizing in fgEMP is invalid.
Line 401: The property name SelectionMode in fgEMP is invalid.
Line 402: The property name GridLines in fgEMP is invalid.
Line 403: The property name GridLinesFixed in fgEMP is invalid.
Line 404: The property name GridLineWidth in fgEMP is invalid.
Line 405: The property name Rows in fgEMP is invalid.
Line 406: The property name Cols in fgEMP is invalid.
Line 407: The property name FixedRows in fgEMP is invalid.
Line 408: The property name FixedCols in fgEMP is invalid.
Line 409: The property name RowHeightMin in fgEMP is invalid.
Line 410: The property name RowHeightMax in fgEMP is invalid.
Line 411: The property name ColWidthMin in fgEMP is invalid.
Line 412: The property name ColWidthMax in fgEMP is invalid.
Line 413: The property name ExtendLastCol in fgEMP is invalid.
Line 414: The property name FormatString in fgEMP is invalid.
Line 415: The property name ScrollTrack in fgEMP is invalid.
Line 416: The property name ScrollBars in fgEMP is invalid.
Line 417: The property name ScrollTips in fgEMP is invalid.
Line 418: The property name MergeCells in fgEMP is invalid.
Line 419: The property name MergeCompare in fgEMP is invalid.
Line 420: The property name AutoResize in fgEMP is invalid.
Line 421: The property name AutoSizeMode in fgEMP is invalid.
Line 422: The property name AutoSearch in fgEMP is invalid.
Line 423: The property name AutoSearchDelay in fgEMP is invalid.
Line 424: The property name MultiTotals in fgEMP is invalid.
Line 425: The property name SubtotalPosition in fgEMP is invalid.
Line 426: The property name OutlineBar in fgEMP is invalid.
Line 427: The property name OutlineCol in fgEMP is invalid.
Line 428: The property name Ellipsis in fgEMP is invalid.
Line 429: The property name ExplorerBar in fgEMP is invalid.
Line 430: The property name PicturesOver in fgEMP is invalid.
Line 433: The property name PictureType in fgEMP is invalid.
Line 434: The property name TabBehavior in fgEMP is invalid.
Line 435: The property name OwnerDraw in fgEMP is invalid.
Line 436: The property name Editable in fgEMP is invalid.
Line 437: The property name ShowComboButton in fgEMP is invalid.
Line 438: The property name WordWrap in fgEMP is invalid.
Line 439: The property name TextStyle in fgEMP is invalid.
Line 440: The property name TextStyleFixed in fgEMP is invalid.
Line 443: The property name DataMode in fgEMP is invalid.
Line 444: The property name VirtualData in fgEMP is invalid.
Line 446: The property name ComboSearch in fgEMP is invalid.
Line 447: The property name AutoSizeMouse in fgEMP is invalid.
Line 448: The property name FrozenRows in fgEMP is invalid.
Line 449: The property name FrozenCols in fgEMP is invalid.
Line 450: The property name AllowUserFreezing in fgEMP is invalid.
Line 451: The property name BackColorFrozen in fgEMP is invalid.
Line 452: The property name ForeColorFrozen in fgEMP is invalid.
Line 453: The property name WallPaperAlignment in fgEMP is invalid.
Line 454: The property name AccessibleName in fgEMP is invalid.
Line 455: The property name AccessibleDescription in fgEMP is invalid.
Line 456: The property name AccessibleValue in fgEMP is invalid.
Line 457: The property name AccessibleRole in fgEMP is invalid.
Line 465: The property name _Version in tdbnumCheckTotal is invalid.
Line 466: The property name _ExtentX in tdbnumCheckTotal is invalid.
Line 467: The property name _ExtentY in tdbnumCheckTotal is invalid.
Line 468: The property name Calculator in tdbnumCheckTotal is invalid.
Line 469: The property name Caption in tdbnumCheckTotal is invalid.
Line 479: The property name DropDown in tdbnumCheckTotal is invalid.
Line 480: The property name Keys in tdbnumCheckTotal is invalid.
Line 481: The property name Spin in tdbnumCheckTotal is invalid.
Line 482: The property name AlignHorizontal in tdbnumCheckTotal is invalid.
Line 483: The property name AlignVertical in tdbnumCheckTotal is invalid.
Line 487: The property name BtnPositioning in tdbnumCheckTotal is invalid.
Line 488: The property name ClipMode in tdbnumCheckTotal is invalid.
Line 489: The property name ClearAction in tdbnumCheckTotal is invalid.
Line 490: The property name DecimalPoint in tdbnumCheckTotal is invalid.
Line 491: The property name DisplayFormat in tdbnumCheckTotal is invalid.
Line 492: The property name EditMode in tdbnumCheckTotal is invalid.
Line 494: The property name ErrorBeep in tdbnumCheckTotal is invalid.
Line 496: The property name Format in tdbnumCheckTotal is invalid.
Line 497: The property name HighlightText in tdbnumCheckTotal is invalid.
Line 498: The property name MarginBottom in tdbnumCheckTotal is invalid.
Line 499: The property name MarginLeft in tdbnumCheckTotal is invalid.
Line 500: The property name MarginRight in tdbnumCheckTotal is invalid.
Line 501: The property name MarginTop in tdbnumCheckTotal is invalid.
Line 502: The property name MaxValue in tdbnumCheckTotal is invalid.
Line 503: The property name MinValue in tdbnumCheckTotal is invalid.
Line 505: The property name MoveOnLRKey in tdbnumCheckTotal is invalid.
Line 506: The property name NegativeColor in tdbnumCheckTotal is invalid.
Line 509: The property name ReadOnly in tdbnumCheckTotal is invalid.
Line 510: The property name Separator in tdbnumCheckTotal is invalid.
Line 511: The property name ShowContextMenu in tdbnumCheckTotal is invalid.
Line 512: The property name ValueVT in tdbnumCheckTotal is invalid.
Line 513: The property name Value in tdbnumCheckTotal is invalid.
Line 514: The property name MaxValueVT in tdbnumCheckTotal is invalid.
Line 515: The property name MinValueVT in tdbnumCheckTotal is invalid.
Line 523: The property name _Version in tdbnumNetPayTotal is invalid.
Line 524: The property name _ExtentX in tdbnumNetPayTotal is invalid.
Line 525: The property name _ExtentY in tdbnumNetPayTotal is invalid.
Line 526: The property name Calculator in tdbnumNetPayTotal is invalid.
Line 527: The property name Caption in tdbnumNetPayTotal is invalid.
Line 537: The property name DropDown in tdbnumNetPayTotal is invalid.
Line 538: The property name Keys in tdbnumNetPayTotal is invalid.
Line 539: The property name Spin in tdbnumNetPayTotal is invalid.
Line 540: The property name AlignHorizontal in tdbnumNetPayTotal is invalid.
Line 541: The property name AlignVertical in tdbnumNetPayTotal is invalid.
Line 545: The property name BtnPositioning in tdbnumNetPayTotal is invalid.
Line 546: The property name ClipMode in tdbnumNetPayTotal is invalid.
Line 547: The property name ClearAction in tdbnumNetPayTotal is invalid.
Line 548: The property name DecimalPoint in tdbnumNetPayTotal is invalid.
Line 549: The property name DisplayFormat in tdbnumNetPayTotal is invalid.
Line 550: The property name EditMode in tdbnumNetPayTotal is invalid.
Line 552: The property name ErrorBeep in tdbnumNetPayTotal is invalid.
Line 554: The property name Format in tdbnumNetPayTotal is invalid.
Line 555: The property name HighlightText in tdbnumNetPayTotal is invalid.
Line 556: The property name MarginBottom in tdbnumNetPayTotal is invalid.
Line 557: The property name MarginLeft in tdbnumNetPayTotal is invalid.
Line 558: The property name MarginRight in tdbnumNetPayTotal is invalid.
Line 559: The property name MarginTop in tdbnumNetPayTotal is invalid.
Line 560: The property name MaxValue in tdbnumNetPayTotal is invalid.
Line 561: The property name MinValue in tdbnumNetPayTotal is invalid.
Line 563: The property name MoveOnLRKey in tdbnumNetPayTotal is invalid.
Line 564: The property name NegativeColor in tdbnumNetPayTotal is invalid.
Line 567: The property name ReadOnly in tdbnumNetPayTotal is invalid.
Line 568: The property name Separator in tdbnumNetPayTotal is invalid.
Line 569: The property name ShowContextMenu in tdbnumNetPayTotal is invalid.
Line 570: The property name ValueVT in tdbnumNetPayTotal is invalid.
Line 571: The property name Value in tdbnumNetPayTotal is invalid.
Line 572: The property name MaxValueVT in tdbnumNetPayTotal is invalid.
Line 573: The property name MinValueVT in tdbnumNetPayTotal is invalid.
Line 581: The property name _Version in tdbnumDedTotal is invalid.
Line 582: The property name _ExtentX in tdbnumDedTotal is invalid.
Line 583: The property name _ExtentY in tdbnumDedTotal is invalid.
Line 584: The property name Calculator in tdbnumDedTotal is invalid.
Line 585: The property name Caption in tdbnumDedTotal is invalid.
Line 595: The property name DropDown in tdbnumDedTotal is invalid.
Line 596: The property name Keys in tdbnumDedTotal is invalid.
Line 597: The property name Spin in tdbnumDedTotal is invalid.
Line 598: The property name AlignHorizontal in tdbnumDedTotal is invalid.
Line 599: The property name AlignVertical in tdbnumDedTotal is invalid.
Line 603: The property name BtnPositioning in tdbnumDedTotal is invalid.
Line 604: The property name ClipMode in tdbnumDedTotal is invalid.
Line 605: The property name ClearAction in tdbnumDedTotal is invalid.
Line 606: The property name DecimalPoint in tdbnumDedTotal is invalid.
Line 607: The property name DisplayFormat in tdbnumDedTotal is invalid.
Line 608: The property name EditMode in tdbnumDedTotal is invalid.
Line 610: The property name ErrorBeep in tdbnumDedTotal is invalid.
Line 612: The property name Format in tdbnumDedTotal is invalid.
Line 613: The property name HighlightText in tdbnumDedTotal is invalid.
Line 614: The property name MarginBottom in tdbnumDedTotal is invalid.
Line 615: The property name MarginLeft in tdbnumDedTotal is invalid.
Line 616: The property name MarginRight in tdbnumDedTotal is invalid.
Line 617: The property name MarginTop in tdbnumDedTotal is invalid.
Line 618: The property name MaxValue in tdbnumDedTotal is invalid.
Line 619: The property name MinValue in tdbnumDedTotal is invalid.
Line 621: The property name MoveOnLRKey in tdbnumDedTotal is invalid.
Line 622: The property name NegativeColor in tdbnumDedTotal is invalid.
Line 625: The property name ReadOnly in tdbnumDedTotal is invalid.
Line 626: The property name Separator in tdbnumDedTotal is invalid.
Line 627: The property name ShowContextMenu in tdbnumDedTotal is invalid.
Line 628: The property name ValueVT in tdbnumDedTotal is invalid.
Line 629: The property name Value in tdbnumDedTotal is invalid.
Line 630: The property name MaxValueVT in tdbnumDedTotal is invalid.
Line 631: The property name MinValueVT in tdbnumDedTotal is invalid.
Line 639: The property name _Version in tdbnumERNTotal is invalid.
Line 640: The property name _ExtentX in tdbnumERNTotal is invalid.
Line 641: The property name _ExtentY in tdbnumERNTotal is invalid.
Line 642: The property name Calculator in tdbnumERNTotal is invalid.
Line 643: The property name Caption in tdbnumERNTotal is invalid.
Line 653: The property name DropDown in tdbnumERNTotal is invalid.
Line 654: The property name Keys in tdbnumERNTotal is invalid.
Line 655: The property name Spin in tdbnumERNTotal is invalid.
Line 656: The property name AlignHorizontal in tdbnumERNTotal is invalid.
Line 657: The property name AlignVertical in tdbnumERNTotal is invalid.
Line 661: The property name BtnPositioning in tdbnumERNTotal is invalid.
Line 662: The property name ClipMode in tdbnumERNTotal is invalid.
Line 663: The property name ClearAction in tdbnumERNTotal is invalid.
Line 664: The property name DecimalPoint in tdbnumERNTotal is invalid.
Line 665: The property name DisplayFormat in tdbnumERNTotal is invalid.
Line 666: The property name EditMode in tdbnumERNTotal is invalid.
Line 668: The property name ErrorBeep in tdbnumERNTotal is invalid.
Line 670: The property name Format in tdbnumERNTotal is invalid.
Line 671: The property name HighlightText in tdbnumERNTotal is invalid.
Line 672: The property name MarginBottom in tdbnumERNTotal is invalid.
Line 673: The property name MarginLeft in tdbnumERNTotal is invalid.
Line 674: The property name MarginRight in tdbnumERNTotal is invalid.
Line 675: The property name MarginTop in tdbnumERNTotal is invalid.
Line 676: The property name MaxValue in tdbnumERNTotal is invalid.
Line 677: The property name MinValue in tdbnumERNTotal is invalid.
Line 679: The property name MoveOnLRKey in tdbnumERNTotal is invalid.
Line 680: The property name NegativeColor in tdbnumERNTotal is invalid.
Line 683: The property name ReadOnly in tdbnumERNTotal is invalid.
Line 684: The property name Separator in tdbnumERNTotal is invalid.
Line 685: The property name ShowContextMenu in tdbnumERNTotal is invalid.
Line 686: The property name ValueVT in tdbnumERNTotal is invalid.
Line 687: The property name Value in tdbnumERNTotal is invalid.
Line 688: The property name MaxValueVT in tdbnumERNTotal is invalid.
Line 689: The property name MinValueVT in tdbnumERNTotal is invalid.
Line 697: The property name _cx in fgDED is invalid.
Line 698: The property name _cy in fgDED is invalid.
Line 714: The property name BackColorFixed in fgDED is invalid.
Line 715: The property name ForeColorFixed in fgDED is invalid.
Line 716: The property name BackColorSel in fgDED is invalid.
Line 717: The property name ForeColorSel in fgDED is invalid.
Line 718: The property name BackColorBkg in fgDED is invalid.
Line 719: The property name BackColorAlternate in fgDED is invalid.
Line 720: The property name GridColor in fgDED is invalid.
Line 721: The property name GridColorFixed in fgDED is invalid.
Line 722: The property name TreeColor in fgDED is invalid.
Line 723: The property name FloodColor in fgDED is invalid.
Line 724: The property name SheetBorder in fgDED is invalid.
Line 725: The property name FocusRect in fgDED is invalid.
Line 726: The property name HighLight in fgDED is invalid.
Line 727: The property name AllowSelection in fgDED is invalid.
Line 728: The property name AllowBigSelection in fgDED is invalid.
Line 729: The property name AllowUserResizing in fgDED is invalid.
Line 730: The property name SelectionMode in fgDED is invalid.
Line 731: The property name GridLines in fgDED is invalid.
Line 732: The property name GridLinesFixed in fgDED is invalid.
Line 733: The property name GridLineWidth in fgDED is invalid.
Line 734: The property name Rows in fgDED is invalid.
Line 735: The property name Cols in fgDED is invalid.
Line 736: The property name FixedRows in fgDED is invalid.
Line 737: The property name FixedCols in fgDED is invalid.
Line 738: The property name RowHeightMin in fgDED is invalid.
Line 739: The property name RowHeightMax in fgDED is invalid.
Line 740: The property name ColWidthMin in fgDED is invalid.
Line 741: The property name ColWidthMax in fgDED is invalid.
Line 742: The property name ExtendLastCol in fgDED is invalid.
Line 743: The property name FormatString in fgDED is invalid.
Line 744: The property name ScrollTrack in fgDED is invalid.
Line 745: The property name ScrollBars in fgDED is invalid.
Line 746: The property name ScrollTips in fgDED is invalid.
Line 747: The property name MergeCells in fgDED is invalid.
Line 748: The property name MergeCompare in fgDED is invalid.
Line 749: The property name AutoResize in fgDED is invalid.
Line 750: The property name AutoSizeMode in fgDED is invalid.
Line 751: The property name AutoSearch in fgDED is invalid.
Line 752: The property name AutoSearchDelay in fgDED is invalid.
Line 753: The property name MultiTotals in fgDED is invalid.
Line 754: The property name SubtotalPosition in fgDED is invalid.
Line 755: The property name OutlineBar in fgDED is invalid.
Line 756: The property name OutlineCol in fgDED is invalid.
Line 757: The property name Ellipsis in fgDED is invalid.
Line 758: The property name ExplorerBar in fgDED is invalid.
Line 759: The property name PicturesOver in fgDED is invalid.
Line 762: The property name PictureType in fgDED is invalid.
Line 763: The property name TabBehavior in fgDED is invalid.
Line 764: The property name OwnerDraw in fgDED is invalid.
Line 765: The property name Editable in fgDED is invalid.
Line 766: The property name ShowComboButton in fgDED is invalid.
Line 767: The property name WordWrap in fgDED is invalid.
Line 768: The property name TextStyle in fgDED is invalid.
Line 769: The property name TextStyleFixed in fgDED is invalid.
Line 772: The property name DataMode in fgDED is invalid.
Line 773: The property name VirtualData in fgDED is invalid.
Line 775: The property name ComboSearch in fgDED is invalid.
Line 776: The property name AutoSizeMouse in fgDED is invalid.
Line 777: The property name FrozenRows in fgDED is invalid.
Line 778: The property name FrozenCols in fgDED is invalid.
Line 779: The property name AllowUserFreezing in fgDED is invalid.
Line 780: The property name BackColorFrozen in fgDED is invalid.
Line 781: The property name ForeColorFrozen in fgDED is invalid.
Line 782: The property name WallPaperAlignment in fgDED is invalid.
Line 783: The property name AccessibleName in fgDED is invalid.
Line 784: The property name AccessibleDescription in fgDED is invalid.
Line 785: The property name AccessibleValue in fgDED is invalid.
Line 786: The property name AccessibleRole in fgDED is invalid.
Line 794: The property name _cx in fgERN is invalid.
Line 795: The property name _cy in fgERN is invalid.
Line 811: The property name BackColorFixed in fgERN is invalid.
Line 812: The property name ForeColorFixed in fgERN is invalid.
Line 813: The property name BackColorSel in fgERN is invalid.
Line 814: The property name ForeColorSel in fgERN is invalid.
Line 815: The property name BackColorBkg in fgERN is invalid.
Line 816: The property name BackColorAlternate in fgERN is invalid.
Line 817: The property name GridColor in fgERN is invalid.
Line 818: The property name GridColorFixed in fgERN is invalid.
Line 819: The property name TreeColor in fgERN is invalid.
Line 820: The property name FloodColor in fgERN is invalid.
Line 821: The property name SheetBorder in fgERN is invalid.
Line 822: The property name FocusRect in fgERN is invalid.
Line 823: The property name HighLight in fgERN is invalid.
Line 824: The property name AllowSelection in fgERN is invalid.
Line 825: The property name AllowBigSelection in fgERN is invalid.
Line 826: The property name AllowUserResizing in fgERN is invalid.
Line 827: The property name SelectionMode in fgERN is invalid.
Line 828: The property name GridLines in fgERN is invalid.
Line 829: The property name GridLinesFixed in fgERN is invalid.
Line 830: The property name GridLineWidth in fgERN is invalid.
Line 831: The property name Rows in fgERN is invalid.
Line 832: The property name Cols in fgERN is invalid.
Line 833: The property name FixedRows in fgERN is invalid.
Line 834: The property name FixedCols in fgERN is invalid.
Line 835: The property name RowHeightMin in fgERN is invalid.
Line 836: The property name RowHeightMax in fgERN is invalid.
Line 837: The property name ColWidthMin in fgERN is invalid.
Line 838: The property name ColWidthMax in fgERN is invalid.
Line 839: The property name ExtendLastCol in fgERN is invalid.
Line 840: The property name FormatString in fgERN is invalid.
Line 841: The property name ScrollTrack in fgERN is invalid.
Line 842: The property name ScrollBars in fgERN is invalid.
Line 843: The property name ScrollTips in fgERN is invalid.
Line 844: The property name MergeCells in fgERN is invalid.
Line 845: The property name MergeCompare in fgERN is invalid.
Line 846: The property name AutoResize in fgERN is invalid.
Line 847: The property name AutoSizeMode in fgERN is invalid.
Line 848: The property name AutoSearch in fgERN is invalid.
Line 849: The property name AutoSearchDelay in fgERN is invalid.
Line 850: The property name MultiTotals in fgERN is invalid.
Line 851: The property name SubtotalPosition in fgERN is invalid.
Line 852: The property name OutlineBar in fgERN is invalid.
Line 853: The property name OutlineCol in fgERN is invalid.
Line 854: The property name Ellipsis in fgERN is invalid.
Line 855: The property name ExplorerBar in fgERN is invalid.
Line 856: The property name PicturesOver in fgERN is invalid.
Line 859: The property name PictureType in fgERN is invalid.
Line 860: The property name TabBehavior in fgERN is invalid.
Line 861: The property name OwnerDraw in fgERN is invalid.
Line 862: The property name Editable in fgERN is invalid.
Line 863: The property name ShowComboButton in fgERN is invalid.
Line 864: The property name WordWrap in fgERN is invalid.
Line 865: The property name TextStyle in fgERN is invalid.
Line 866: The property name TextStyleFixed in fgERN is invalid.
Line 869: The property name DataMode in fgERN is invalid.
Line 870: The property name VirtualData in fgERN is invalid.
Line 872: The property name ComboSearch in fgERN is invalid.
Line 873: The property name AutoSizeMouse in fgERN is invalid.
Line 874: The property name FrozenRows in fgERN is invalid.
Line 875: The property name FrozenCols in fgERN is invalid.
Line 876: The property name AllowUserFreezing in fgERN is invalid.
Line 877: The property name BackColorFrozen in fgERN is invalid.
Line 878: The property name ForeColorFrozen in fgERN is invalid.
Line 879: The property name WallPaperAlignment in fgERN is invalid.
Line 880: The property name AccessibleName in fgERN is invalid.
Line 881: The property name AccessibleDescription in fgERN is invalid.
Line 882: The property name AccessibleValue in fgERN is invalid.
Line 883: The property name AccessibleRole in fgERN is invalid.
Line 891: The property name _Version in tdbnumTaxTotal is invalid.
Line 892: The property name _ExtentX in tdbnumTaxTotal is invalid.
Line 893: The property name _ExtentY in tdbnumTaxTotal is invalid.
Line 894: The property name Calculator in tdbnumTaxTotal is invalid.
Line 895: The property name Caption in tdbnumTaxTotal is invalid.
Line 905: The property name DropDown in tdbnumTaxTotal is invalid.
Line 906: The property name Keys in tdbnumTaxTotal is invalid.
Line 907: The property name Spin in tdbnumTaxTotal is invalid.
Line 908: The property name AlignHorizontal in tdbnumTaxTotal is invalid.
Line 909: The property name AlignVertical in tdbnumTaxTotal is invalid.
Line 913: The property name BtnPositioning in tdbnumTaxTotal is invalid.
Line 914: The property name ClipMode in tdbnumTaxTotal is invalid.
Line 915: The property name ClearAction in tdbnumTaxTotal is invalid.
Line 916: The property name DecimalPoint in tdbnumTaxTotal is invalid.
Line 917: The property name DisplayFormat in tdbnumTaxTotal is invalid.
Line 918: The property name EditMode in tdbnumTaxTotal is invalid.
Line 920: The property name ErrorBeep in tdbnumTaxTotal is invalid.
Line 922: The property name Format in tdbnumTaxTotal is invalid.
Line 923: The property name HighlightText in tdbnumTaxTotal is invalid.
Line 924: The property name MarginBottom in tdbnumTaxTotal is invalid.
Line 925: The property name MarginLeft in tdbnumTaxTotal is invalid.
Line 926: The property name MarginRight in tdbnumTaxTotal is invalid.
Line 927: The property name MarginTop in tdbnumTaxTotal is invalid.
Line 928: The property name MaxValue in tdbnumTaxTotal is invalid.
Line 929: The property name MinValue in tdbnumTaxTotal is invalid.
Line 931: The property name MoveOnLRKey in tdbnumTaxTotal is invalid.
Line 932: The property name NegativeColor in tdbnumTaxTotal is invalid.
Line 935: The property name ReadOnly in tdbnumTaxTotal is invalid.
Line 936: The property name Separator in tdbnumTaxTotal is invalid.
Line 937: The property name ShowContextMenu in tdbnumTaxTotal is invalid.
Line 938: The property name ValueVT in tdbnumTaxTotal is invalid.
Line 939: The property name Value in tdbnumTaxTotal is invalid.
Line 940: The property name MaxValueVT in tdbnumTaxTotal is invalid.
Line 941: The property name MinValueVT in tdbnumTaxTotal is invalid.
Line 949: The property name _Version in tdbnumHrTotal is invalid.
Line 950: The property name _ExtentX in tdbnumHrTotal is invalid.
Line 951: The property name _ExtentY in tdbnumHrTotal is invalid.
Line 952: The property name Calculator in tdbnumHrTotal is invalid.
Line 953: The property name Caption in tdbnumHrTotal is invalid.
Line 963: The property name DropDown in tdbnumHrTotal is invalid.
Line 964: The property name Keys in tdbnumHrTotal is invalid.
Line 965: The property name Spin in tdbnumHrTotal is invalid.
Line 966: The property name AlignHorizontal in tdbnumHrTotal is invalid.
Line 967: The property name AlignVertical in tdbnumHrTotal is invalid.
Line 971: The property name BtnPositioning in tdbnumHrTotal is invalid.
Line 972: The property name ClipMode in tdbnumHrTotal is invalid.
Line 973: The property name ClearAction in tdbnumHrTotal is invalid.
Line 974: The property name DecimalPoint in tdbnumHrTotal is invalid.
Line 975: The property name DisplayFormat in tdbnumHrTotal is invalid.
Line 976: The property name EditMode in tdbnumHrTotal is invalid.
Line 978: The property name ErrorBeep in tdbnumHrTotal is invalid.
Line 980: The property name Format in tdbnumHrTotal is invalid.
Line 981: The property name HighlightText in tdbnumHrTotal is invalid.
Line 982: The property name MarginBottom in tdbnumHrTotal is invalid.
Line 983: The property name MarginLeft in tdbnumHrTotal is invalid.
Line 984: The property name MarginRight in tdbnumHrTotal is invalid.
Line 985: The property name MarginTop in tdbnumHrTotal is invalid.
Line 986: The property name MaxValue in tdbnumHrTotal is invalid.
Line 987: The property name MinValue in tdbnumHrTotal is invalid.
Line 989: The property name MoveOnLRKey in tdbnumHrTotal is invalid.
Line 990: The property name NegativeColor in tdbnumHrTotal is invalid.
Line 993: The property name ReadOnly in tdbnumHrTotal is invalid.
Line 994: The property name Separator in tdbnumHrTotal is invalid.
Line 995: The property name ShowContextMenu in tdbnumHrTotal is invalid.
Line 996: The property name ValueVT in tdbnumHrTotal is invalid.
Line 997: The property name Value in tdbnumHrTotal is invalid.
Line 998: The property name MaxValueVT in tdbnumHrTotal is invalid.
Line 999: The property name MinValueVT in tdbnumHrTotal is invalid.
Line 1007: The property name _Version in tdbnumBOHrs is invalid.
Line 1008: The property name _ExtentX in tdbnumBOHrs is invalid.
Line 1009: The property name _ExtentY in tdbnumBOHrs is invalid.
Line 1010: The property name Calculator in tdbnumBOHrs is invalid.
Line 1011: The property name Caption in tdbnumBOHrs is invalid.
Line 1021: The property name DropDown in tdbnumBOHrs is invalid.
Line 1022: The property name Keys in tdbnumBOHrs is invalid.
Line 1023: The property name Spin in tdbnumBOHrs is invalid.
Line 1024: The property name AlignHorizontal in tdbnumBOHrs is invalid.
Line 1025: The property name AlignVertical in tdbnumBOHrs is invalid.
Line 1029: The property name BtnPositioning in tdbnumBOHrs is invalid.
Line 1030: The property name ClipMode in tdbnumBOHrs is invalid.
Line 1031: The property name ClearAction in tdbnumBOHrs is invalid.
Line 1032: The property name DecimalPoint in tdbnumBOHrs is invalid.
Line 1033: The property name DisplayFormat in tdbnumBOHrs is invalid.
Line 1034: The property name EditMode in tdbnumBOHrs is invalid.
Line 1036: The property name ErrorBeep in tdbnumBOHrs is invalid.
Line 1038: The property name Format in tdbnumBOHrs is invalid.
Line 1039: The property name HighlightText in tdbnumBOHrs is invalid.
Line 1040: The property name MarginBottom in tdbnumBOHrs is invalid.
Line 1041: The property name MarginLeft in tdbnumBOHrs is invalid.
Line 1042: The property name MarginRight in tdbnumBOHrs is invalid.
Line 1043: The property name MarginTop in tdbnumBOHrs is invalid.
Line 1044: The property name MaxValue in tdbnumBOHrs is invalid.
Line 1045: The property name MinValue in tdbnumBOHrs is invalid.
Line 1047: The property name MoveOnLRKey in tdbnumBOHrs is invalid.
Line 1048: The property name NegativeColor in tdbnumBOHrs is invalid.
Line 1051: The property name ReadOnly in tdbnumBOHrs is invalid.
Line 1052: The property name Separator in tdbnumBOHrs is invalid.
Line 1053: The property name ShowContextMenu in tdbnumBOHrs is invalid.
Line 1054: The property name ValueVT in tdbnumBOHrs is invalid.
Line 1055: The property name Value in tdbnumBOHrs is invalid.
Line 1056: The property name MaxValueVT in tdbnumBOHrs is invalid.
Line 1057: The property name MinValueVT in tdbnumBOHrs is invalid.
Line 1065: The property name _Version in tdbnumBTlHrs is invalid.
Line 1066: The property name _ExtentX in tdbnumBTlHrs is invalid.
Line 1067: The property name _ExtentY in tdbnumBTlHrs is invalid.
Line 1068: The property name Calculator in tdbnumBTlHrs is invalid.
Line 1069: The property name Caption in tdbnumBTlHrs is invalid.
Line 1079: The property name DropDown in tdbnumBTlHrs is invalid.
Line 1080: The property name Keys in tdbnumBTlHrs is invalid.
Line 1081: The property name Spin in tdbnumBTlHrs is invalid.
Line 1082: The property name AlignHorizontal in tdbnumBTlHrs is invalid.
Line 1083: The property name AlignVertical in tdbnumBTlHrs is invalid.
Line 1087: The property name BtnPositioning in tdbnumBTlHrs is invalid.
Line 1088: The property name ClipMode in tdbnumBTlHrs is invalid.
Line 1089: The property name ClearAction in tdbnumBTlHrs is invalid.
Line 1090: The property name DecimalPoint in tdbnumBTlHrs is invalid.
Line 1091: The property name DisplayFormat in tdbnumBTlHrs is invalid.
Line 1092: The property name EditMode in tdbnumBTlHrs is invalid.
Line 1094: The property name ErrorBeep in tdbnumBTlHrs is invalid.
Line 1096: The property name Format in tdbnumBTlHrs is invalid.
Line 1097: The property name HighlightText in tdbnumBTlHrs is invalid.
Line 1098: The property name MarginBottom in tdbnumBTlHrs is invalid.
Line 1099: The property name MarginLeft in tdbnumBTlHrs is invalid.
Line 1100: The property name MarginRight in tdbnumBTlHrs is invalid.
Line 1101: The property name MarginTop in tdbnumBTlHrs is invalid.
Line 1102: The property name MaxValue in tdbnumBTlHrs is invalid.
Line 1103: The property name MinValue in tdbnumBTlHrs is invalid.
Line 1105: The property name MoveOnLRKey in tdbnumBTlHrs is invalid.
Line 1106: The property name NegativeColor in tdbnumBTlHrs is invalid.
Line 1109: The property name ReadOnly in tdbnumBTlHrs is invalid.
Line 1110: The property name Separator in tdbnumBTlHrs is invalid.
Line 1111: The property name ShowContextMenu in tdbnumBTlHrs is invalid.
Line 1112: The property name ValueVT in tdbnumBTlHrs is invalid.
Line 1113: The property name Value in tdbnumBTlHrs is invalid.
Line 1114: The property name MaxValueVT in tdbnumBTlHrs is invalid.
Line 1115: The property name MinValueVT in tdbnumBTlHrs is invalid.
Line 1123: The property name _Version in tdbnumBRegErn is invalid.
Line 1124: The property name _ExtentX in tdbnumBRegErn is invalid.
Line 1125: The property name _ExtentY in tdbnumBRegErn is invalid.
Line 1126: The property name Calculator in tdbnumBRegErn is invalid.
Line 1127: The property name Caption in tdbnumBRegErn is invalid.
Line 1137: The property name DropDown in tdbnumBRegErn is invalid.
Line 1138: The property name Keys in tdbnumBRegErn is invalid.
Line 1139: The property name Spin in tdbnumBRegErn is invalid.
Line 1140: The property name AlignHorizontal in tdbnumBRegErn is invalid.
Line 1141: The property name AlignVertical in tdbnumBRegErn is invalid.
Line 1145: The property name BtnPositioning in tdbnumBRegErn is invalid.
Line 1146: The property name ClipMode in tdbnumBRegErn is invalid.
Line 1147: The property name ClearAction in tdbnumBRegErn is invalid.
Line 1148: The property name DecimalPoint in tdbnumBRegErn is invalid.
Line 1149: The property name DisplayFormat in tdbnumBRegErn is invalid.
Line 1150: The property name EditMode in tdbnumBRegErn is invalid.
Line 1152: The property name ErrorBeep in tdbnumBRegErn is invalid.
Line 1154: The property name Format in tdbnumBRegErn is invalid.
Line 1155: The property name HighlightText in tdbnumBRegErn is invalid.
Line 1156: The property name MarginBottom in tdbnumBRegErn is invalid.
Line 1157: The property name MarginLeft in tdbnumBRegErn is invalid.
Line 1158: The property name MarginRight in tdbnumBRegErn is invalid.
Line 1159: The property name MarginTop in tdbnumBRegErn is invalid.
Line 1160: The property name MaxValue in tdbnumBRegErn is invalid.
Line 1161: The property name MinValue in tdbnumBRegErn is invalid.
Line 1163: The property name MoveOnLRKey in tdbnumBRegErn is invalid.
Line 1164: The property name NegativeColor in tdbnumBRegErn is invalid.
Line 1167: The property name ReadOnly in tdbnumBRegErn is invalid.
Line 1168: The property name Separator in tdbnumBRegErn is invalid.
Line 1169: The property name ShowContextMenu in tdbnumBRegErn is invalid.
Line 1170: The property name ValueVT in tdbnumBRegErn is invalid.
Line 1171: The property name Value in tdbnumBRegErn is invalid.
Line 1172: The property name MaxValueVT in tdbnumBRegErn is invalid.
Line 1173: The property name MinValueVT in tdbnumBRegErn is invalid.
Line 1181: The property name _Version in tdbnumBOEarng is invalid.
Line 1182: The property name _ExtentX in tdbnumBOEarng is invalid.
Line 1183: The property name _ExtentY in tdbnumBOEarng is invalid.
Line 1184: The property name Calculator in tdbnumBOEarng is invalid.
Line 1185: The property name Caption in tdbnumBOEarng is invalid.
Line 1195: The property name DropDown in tdbnumBOEarng is invalid.
Line 1196: The property name Keys in tdbnumBOEarng is invalid.
Line 1197: The property name Spin in tdbnumBOEarng is invalid.
Line 1198: The property name AlignHorizontal in tdbnumBOEarng is invalid.
Line 1199: The property name AlignVertical in tdbnumBOEarng is invalid.
Line 1203: The property name BtnPositioning in tdbnumBOEarng is invalid.
Line 1204: The property name ClipMode in tdbnumBOEarng is invalid.
Line 1205: The property name ClearAction in tdbnumBOEarng is invalid.
Line 1206: The property name DecimalPoint in tdbnumBOEarng is invalid.
Line 1207: The property name DisplayFormat in tdbnumBOEarng is invalid.
Line 1208: The property name EditMode in tdbnumBOEarng is invalid.
Line 1210: The property name ErrorBeep in tdbnumBOEarng is invalid.
Line 1212: The property name Format in tdbnumBOEarng is invalid.
Line 1213: The property name HighlightText in tdbnumBOEarng is invalid.
Line 1214: The property name MarginBottom in tdbnumBOEarng is invalid.
Line 1215: The property name MarginLeft in tdbnumBOEarng is invalid.
Line 1216: The property name MarginRight in tdbnumBOEarng is invalid.
Line 1217: The property name MarginTop in tdbnumBOEarng is invalid.
Line 1218: The property name MaxValue in tdbnumBOEarng is invalid.
Line 1219: The property name MinValue in tdbnumBOEarng is invalid.
Line 1221: The property name MoveOnLRKey in tdbnumBOEarng is invalid.
Line 1222: The property name NegativeColor in tdbnumBOEarng is invalid.
Line 1225: The property name ReadOnly in tdbnumBOEarng is invalid.
Line 1226: The property name Separator in tdbnumBOEarng is invalid.
Line 1227: The property name ShowContextMenu in tdbnumBOEarng is invalid.
Line 1228: The property name ValueVT in tdbnumBOEarng is invalid.
Line 1229: The property name Value in tdbnumBOEarng is invalid.
Line 1230: The property name MaxValueVT in tdbnumBOEarng is invalid.
Line 1231: The property name MinValueVT in tdbnumBOEarng is invalid.
Line 1239: The property name _Version in tdbnumBTlEarng is invalid.
Line 1240: The property name _ExtentX in tdbnumBTlEarng is invalid.
Line 1241: The property name _ExtentY in tdbnumBTlEarng is invalid.
Line 1242: The property name Calculator in tdbnumBTlEarng is invalid.
Line 1243: The property name Caption in tdbnumBTlEarng is invalid.
Line 1253: The property name DropDown in tdbnumBTlEarng is invalid.
Line 1254: The property name Keys in tdbnumBTlEarng is invalid.
Line 1255: The property name Spin in tdbnumBTlEarng is invalid.
Line 1256: The property name AlignHorizontal in tdbnumBTlEarng is invalid.
Line 1257: The property name AlignVertical in tdbnumBTlEarng is invalid.
Line 1261: The property name BtnPositioning in tdbnumBTlEarng is invalid.
Line 1262: The property name ClipMode in tdbnumBTlEarng is invalid.
Line 1263: The property name ClearAction in tdbnumBTlEarng is invalid.
Line 1264: The property name DecimalPoint in tdbnumBTlEarng is invalid.
Line 1265: The property name DisplayFormat in tdbnumBTlEarng is invalid.
Line 1266: The property name EditMode in tdbnumBTlEarng is invalid.
Line 1268: The property name ErrorBeep in tdbnumBTlEarng is invalid.
Line 1270: The property name Format in tdbnumBTlEarng is invalid.
Line 1271: The property name HighlightText in tdbnumBTlEarng is invalid.
Line 1272: The property name MarginBottom in tdbnumBTlEarng is invalid.
Line 1273: The property name MarginLeft in tdbnumBTlEarng is invalid.
Line 1274: The property name MarginRight in tdbnumBTlEarng is invalid.
Line 1275: The property name MarginTop in tdbnumBTlEarng is invalid.
Line 1276: The property name MaxValue in tdbnumBTlEarng is invalid.
Line 1277: The property name MinValue in tdbnumBTlEarng is invalid.
Line 1279: The property name MoveOnLRKey in tdbnumBTlEarng is invalid.
Line 1280: The property name NegativeColor in tdbnumBTlEarng is invalid.
Line 1283: The property name ReadOnly in tdbnumBTlEarng is invalid.
Line 1284: The property name Separator in tdbnumBTlEarng is invalid.
Line 1285: The property name ShowContextMenu in tdbnumBTlEarng is invalid.
Line 1286: The property name ValueVT in tdbnumBTlEarng is invalid.
Line 1287: The property name Value in tdbnumBTlEarng is invalid.
Line 1288: The property name MaxValueVT in tdbnumBTlEarng is invalid.
Line 1289: The property name MinValueVT in tdbnumBTlEarng is invalid.
