Line 214: Property Calculator in tdbnumStartNumber had an invalid file reference.
Line 215: Property Caption in tdbnumStartNumber had an invalid file reference.
Line 225: Property DropDown in tdbnumStartNumber had an invalid file reference.
Line 226: Property Keys in tdbnumStartNumber had an invalid file reference.
Line 227: Property Spin in tdbnumStartNumber had an invalid file reference.
Line 214: Property Calculator in tdbnumStartNumber had an invalid file reference.
Line 215: Property Caption in tdbnumStartNumber had an invalid file reference.
Line 225: Property DropDown in tdbnumStartNumber had an invalid file reference.
Line 226: Property Keys in tdbnumStartNumber had an invalid file reference.
Line 227: Property Spin in tdbnumStartNumber had an invalid file reference.
Line 214: Property Calculator in tdbnumStartNumber had an invalid file reference.
Line 215: Property Caption in tdbnumStartNumber had an invalid file reference.
Line 225: Property DropDown in tdbnumStartNumber had an invalid file reference.
Line 226: Property Keys in tdbnumStartNumber had an invalid file reference.
Line 227: Property Spin in tdbnumStartNumber had an invalid file reference.
Line 214: Property Calculator in tdbnumStartNumber had an invalid file reference.
Line 215: Property Caption in tdbnumStartNumber had an invalid file reference.
Line 225: Property DropDown in tdbnumStartNumber had an invalid file reference.
Line 226: Property Keys in tdbnumStartNumber had an invalid file reference.
Line 227: Property Spin in tdbnumStartNumber had an invalid file reference.
