Line 111: Class TDBNumber6Ctl.TDBNumber of control TDBNoofMo was not a loaded control class.
Line 201: Class TDBDate6Ctl.TDBDate of control TDBStartPEDate was not a loaded control class.
Line 279: Class VSFlex8Ctl.VSFlexGrid of control fg was not a loaded control class.
Line 427: Class TDBDate6Ctl.TDBDate of control TDBEndPEDate was not a loaded control class.
Line 117: The property name _Version in TDBNoofMo is invalid.
Line 118: The property name _ExtentX in TDBNoofMo is invalid.
Line 119: The property name _ExtentY in TDBNoofMo is invalid.
Line 120: The property name Calculator in TDBNoofMo is invalid.
Line 121: The property name Caption in TDBNoofMo is invalid.
Line 131: The property name DropDown in TDBNoofMo is invalid.
Line 132: The property name Keys in TDBNoofMo is invalid.
Line 133: The property name Spin in TDBNoofMo is invalid.
Line 134: The property name AlignHorizontal in TDBNoofMo is invalid.
Line 135: The property name AlignVertical in TDBNoofMo is invalid.
Line 139: The property name BtnPositioning in TDBNoofMo is invalid.
Line 140: The property name ClipMode in TDBNoofMo is invalid.
Line 141: The property name ClearAction in TDBNoofMo is invalid.
Line 142: The property name DecimalPoint in TDBNoofMo is invalid.
Line 143: The property name DisplayFormat in TDBNoofMo is invalid.
Line 144: The property name EditMode in TDBNoofMo is invalid.
Line 146: The property name ErrorBeep in TDBNoofMo is invalid.
Line 148: The property name Format in TDBNoofMo is invalid.
Line 149: The property name HighlightText in TDBNoofMo is invalid.
Line 150: The property name MarginBottom in TDBNoofMo is invalid.
Line 151: The property name MarginLeft in TDBNoofMo is invalid.
Line 152: The property name MarginRight in TDBNoofMo is invalid.
Line 153: The property name MarginTop in TDBNoofMo is invalid.
Line 154: The property name MaxValue in TDBNoofMo is invalid.
Line 155: The property name MinValue in TDBNoofMo is invalid.
Line 157: The property name MoveOnLRKey in TDBNoofMo is invalid.
Line 158: The property name NegativeColor in TDBNoofMo is invalid.
Line 161: The property name ReadOnly in TDBNoofMo is invalid.
Line 162: The property name Separator in TDBNoofMo is invalid.
Line 163: The property name ShowContextMenu in TDBNoofMo is invalid.
Line 164: The property name ValueVT in TDBNoofMo is invalid.
Line 165: The property name Value in TDBNoofMo is invalid.
Line 166: The property name MaxValueVT in TDBNoofMo is invalid.
Line 167: The property name MinValueVT in TDBNoofMo is invalid.
Line 207: The property name _Version in TDBStartPEDate is invalid.
Line 208: The property name _ExtentX in TDBStartPEDate is invalid.
Line 209: The property name _ExtentY in TDBStartPEDate is invalid.
Line 210: The property name Calendar in TDBStartPEDate is invalid.
Line 211: The property name Caption in TDBStartPEDate is invalid.
Line 221: The property name DropDown in TDBStartPEDate is invalid.
Line 222: The property name Keys in TDBStartPEDate is invalid.
Line 223: The property name Spin in TDBStartPEDate is invalid.
Line 224: The property name AlignHorizontal in TDBStartPEDate is invalid.
Line 225: The property name AlignVertical in TDBStartPEDate is invalid.
Line 229: The property name BtnPositioning in TDBStartPEDate is invalid.
Line 230: The property name ClipMode in TDBStartPEDate is invalid.
Line 231: The property name CursorPosition in TDBStartPEDate is invalid.
Line 232: The property name DataProperty in TDBStartPEDate is invalid.
Line 233: The property name DisplayFormat in TDBStartPEDate is invalid.
Line 234: The property name EditMode in TDBStartPEDate is invalid.
Line 236: The property name ErrorBeep in TDBStartPEDate is invalid.
Line 237: The property name FirstMonth in TDBStartPEDate is invalid.
Line 239: The property name Format in TDBStartPEDate is invalid.
Line 240: The property name HighlightText in TDBStartPEDate is invalid.
Line 242: The property name MarginBottom in TDBStartPEDate is invalid.
Line 243: The property name MarginLeft in TDBStartPEDate is invalid.
Line 244: The property name MarginRight in TDBStartPEDate is invalid.
Line 245: The property name MarginTop in TDBStartPEDate is invalid.
Line 246: The property name MaxDate in TDBStartPEDate is invalid.
Line 247: The property name MinDate in TDBStartPEDate is invalid.
Line 249: The property name MoveOnLRKey in TDBStartPEDate is invalid.
Line 252: The property name PromptChar in TDBStartPEDate is invalid.
Line 253: The property name ReadOnly in TDBStartPEDate is invalid.
Line 254: The property name ShowContextMenu in TDBStartPEDate is invalid.
Line 255: The property name ShowLiterals in TDBStartPEDate is invalid.
Line 256: The property name TabAction in TDBStartPEDate is invalid.
Line 257: The property name Text in TDBStartPEDate is invalid.
Line 258: The property name ValidateMode in TDBStartPEDate is invalid.
Line 259: The property name ValueVT in TDBStartPEDate is invalid.
Line 260: The property name Value in TDBStartPEDate is invalid.
Line 261: The property name CenturyMode in TDBStartPEDate is invalid.
Line 285: The property name _cx in fg is invalid.
Line 286: The property name _cy in fg is invalid.
Line 302: The property name BackColorFixed in fg is invalid.
Line 303: The property name ForeColorFixed in fg is invalid.
Line 304: The property name BackColorSel in fg is invalid.
Line 305: The property name ForeColorSel in fg is invalid.
Line 306: The property name BackColorBkg in fg is invalid.
Line 307: The property name BackColorAlternate in fg is invalid.
Line 308: The property name GridColor in fg is invalid.
Line 309: The property name GridColorFixed in fg is invalid.
Line 310: The property name TreeColor in fg is invalid.
Line 311: The property name FloodColor in fg is invalid.
Line 312: The property name SheetBorder in fg is invalid.
Line 313: The property name FocusRect in fg is invalid.
Line 314: The property name HighLight in fg is invalid.
Line 315: The property name AllowSelection in fg is invalid.
Line 316: The property name AllowBigSelection in fg is invalid.
Line 317: The property name AllowUserResizing in fg is invalid.
Line 318: The property name SelectionMode in fg is invalid.
Line 319: The property name GridLines in fg is invalid.
Line 320: The property name GridLinesFixed in fg is invalid.
Line 321: The property name GridLineWidth in fg is invalid.
Line 322: The property name Rows in fg is invalid.
Line 323: The property name Cols in fg is invalid.
Line 324: The property name FixedRows in fg is invalid.
Line 325: The property name FixedCols in fg is invalid.
Line 326: The property name RowHeightMin in fg is invalid.
Line 327: The property name RowHeightMax in fg is invalid.
Line 328: The property name ColWidthMin in fg is invalid.
Line 329: The property name ColWidthMax in fg is invalid.
Line 330: The property name ExtendLastCol in fg is invalid.
Line 331: The property name FormatString in fg is invalid.
Line 332: The property name ScrollTrack in fg is invalid.
Line 333: The property name ScrollBars in fg is invalid.
Line 334: The property name ScrollTips in fg is invalid.
Line 335: The property name MergeCells in fg is invalid.
Line 336: The property name MergeCompare in fg is invalid.
Line 337: The property name AutoResize in fg is invalid.
Line 338: The property name AutoSizeMode in fg is invalid.
Line 339: The property name AutoSearch in fg is invalid.
Line 340: The property name AutoSearchDelay in fg is invalid.
Line 341: The property name MultiTotals in fg is invalid.
Line 342: The property name SubtotalPosition in fg is invalid.
Line 343: The property name OutlineBar in fg is invalid.
Line 344: The property name OutlineCol in fg is invalid.
Line 345: The property name Ellipsis in fg is invalid.
Line 346: The property name ExplorerBar in fg is invalid.
Line 347: The property name PicturesOver in fg is invalid.
Line 350: The property name PictureType in fg is invalid.
Line 351: The property name TabBehavior in fg is invalid.
Line 352: The property name OwnerDraw in fg is invalid.
Line 353: The property name Editable in fg is invalid.
Line 354: The property name ShowComboButton in fg is invalid.
Line 355: The property name WordWrap in fg is invalid.
Line 356: The property name TextStyle in fg is invalid.
Line 357: The property name TextStyleFixed in fg is invalid.
Line 360: The property name DataMode in fg is invalid.
Line 361: The property name VirtualData in fg is invalid.
Line 363: The property name ComboSearch in fg is invalid.
Line 364: The property name AutoSizeMouse in fg is invalid.
Line 365: The property name FrozenRows in fg is invalid.
Line 366: The property name FrozenCols in fg is invalid.
Line 367: The property name AllowUserFreezing in fg is invalid.
Line 368: The property name BackColorFrozen in fg is invalid.
Line 369: The property name ForeColorFrozen in fg is invalid.
Line 370: The property name WallPaperAlignment in fg is invalid.
Line 371: The property name AccessibleName in fg is invalid.
Line 372: The property name AccessibleDescription in fg is invalid.
Line 373: The property name AccessibleValue in fg is invalid.
Line 374: The property name AccessibleRole in fg is invalid.
Line 433: The property name _Version in TDBEndPEDate is invalid.
Line 434: The property name _ExtentX in TDBEndPEDate is invalid.
Line 435: The property name _ExtentY in TDBEndPEDate is invalid.
Line 436: The property name Calendar in TDBEndPEDate is invalid.
Line 437: The property name Caption in TDBEndPEDate is invalid.
Line 447: The property name DropDown in TDBEndPEDate is invalid.
Line 448: The property name Keys in TDBEndPEDate is invalid.
Line 449: The property name Spin in TDBEndPEDate is invalid.
Line 450: The property name AlignHorizontal in TDBEndPEDate is invalid.
Line 451: The property name AlignVertical in TDBEndPEDate is invalid.
Line 455: The property name BtnPositioning in TDBEndPEDate is invalid.
Line 456: The property name ClipMode in TDBEndPEDate is invalid.
Line 457: The property name CursorPosition in TDBEndPEDate is invalid.
Line 458: The property name DataProperty in TDBEndPEDate is invalid.
Line 459: The property name DisplayFormat in TDBEndPEDate is invalid.
Line 460: The property name EditMode in TDBEndPEDate is invalid.
Line 462: The property name ErrorBeep in TDBEndPEDate is invalid.
Line 463: The property name FirstMonth in TDBEndPEDate is invalid.
Line 465: The property name Format in TDBEndPEDate is invalid.
Line 466: The property name HighlightText in TDBEndPEDate is invalid.
Line 468: The property name MarginBottom in TDBEndPEDate is invalid.
Line 469: The property name MarginLeft in TDBEndPEDate is invalid.
Line 470: The property name MarginRight in TDBEndPEDate is invalid.
Line 471: The property name MarginTop in TDBEndPEDate is invalid.
Line 472: The property name MaxDate in TDBEndPEDate is invalid.
Line 473: The property name MinDate in TDBEndPEDate is invalid.
Line 475: The property name MoveOnLRKey in TDBEndPEDate is invalid.
Line 478: The property name PromptChar in TDBEndPEDate is invalid.
Line 479: The property name ReadOnly in TDBEndPEDate is invalid.
Line 480: The property name ShowContextMenu in TDBEndPEDate is invalid.
Line 481: The property name ShowLiterals in TDBEndPEDate is invalid.
Line 482: The property name TabAction in TDBEndPEDate is invalid.
Line 483: The property name Text in TDBEndPEDate is invalid.
Line 484: The property name ValidateMode in TDBEndPEDate is invalid.
Line 485: The property name ValueVT in TDBEndPEDate is invalid.
Line 486: The property name Value in TDBEndPEDate is invalid.
Line 487: The property name CenturyMode in TDBEndPEDate is invalid.
