Line 30: Class VSFlex8Ctl.VSFlexGrid of control fg was not a loaded control class.
Line 36: The property name _cx in fg is invalid.
Line 37: The property name _cy in fg is invalid.
Line 53: The property name BackColorFixed in fg is invalid.
Line 54: The property name ForeColorFixed in fg is invalid.
Line 55: The property name BackColorSel in fg is invalid.
Line 56: The property name ForeColorSel in fg is invalid.
Line 57: The property name BackColorBkg in fg is invalid.
Line 58: The property name BackColorAlternate in fg is invalid.
Line 59: The property name GridColor in fg is invalid.
Line 60: The property name GridColorFixed in fg is invalid.
Line 61: The property name TreeColor in fg is invalid.
Line 62: The property name FloodColor in fg is invalid.
Line 63: The property name SheetBorder in fg is invalid.
Line 64: The property name FocusRect in fg is invalid.
Line 65: The property name HighLight in fg is invalid.
Line 66: The property name AllowSelection in fg is invalid.
Line 67: The property name AllowBigSelection in fg is invalid.
Line 68: The property name AllowUserResizing in fg is invalid.
Line 69: The property name SelectionMode in fg is invalid.
Line 70: The property name GridLines in fg is invalid.
Line 71: The property name GridLinesFixed in fg is invalid.
Line 72: The property name GridLineWidth in fg is invalid.
Line 73: The property name Rows in fg is invalid.
Line 74: The property name Cols in fg is invalid.
Line 75: The property name FixedRows in fg is invalid.
Line 76: The property name FixedCols in fg is invalid.
Line 77: The property name RowHeightMin in fg is invalid.
Line 78: The property name RowHeightMax in fg is invalid.
Line 79: The property name ColWidthMin in fg is invalid.
Line 80: The property name ColWidthMax in fg is invalid.
Line 81: The property name ExtendLastCol in fg is invalid.
Line 82: The property name FormatString in fg is invalid.
Line 83: The property name ScrollTrack in fg is invalid.
Line 84: The property name ScrollBars in fg is invalid.
Line 85: The property name ScrollTips in fg is invalid.
Line 86: The property name MergeCells in fg is invalid.
Line 87: The property name MergeCompare in fg is invalid.
Line 88: The property name AutoResize in fg is invalid.
Line 89: The property name AutoSizeMode in fg is invalid.
Line 90: The property name AutoSearch in fg is invalid.
Line 91: The property name AutoSearchDelay in fg is invalid.
Line 92: The property name MultiTotals in fg is invalid.
Line 93: The property name SubtotalPosition in fg is invalid.
Line 94: The property name OutlineBar in fg is invalid.
Line 95: The property name OutlineCol in fg is invalid.
Line 96: The property name Ellipsis in fg is invalid.
Line 97: The property name ExplorerBar in fg is invalid.
Line 98: The property name PicturesOver in fg is invalid.
Line 101: The property name PictureType in fg is invalid.
Line 102: The property name TabBehavior in fg is invalid.
Line 103: The property name OwnerDraw in fg is invalid.
Line 104: The property name Editable in fg is invalid.
Line 105: The property name ShowComboButton in fg is invalid.
Line 106: The property name WordWrap in fg is invalid.
Line 107: The property name TextStyle in fg is invalid.
Line 108: The property name TextStyleFixed in fg is invalid.
Line 111: The property name DataMode in fg is invalid.
Line 112: The property name VirtualData in fg is invalid.
Line 114: The property name ComboSearch in fg is invalid.
Line 115: The property name AutoSizeMouse in fg is invalid.
Line 116: The property name FrozenRows in fg is invalid.
Line 117: The property name FrozenCols in fg is invalid.
Line 118: The property name AllowUserFreezing in fg is invalid.
Line 119: The property name BackColorFrozen in fg is invalid.
Line 120: The property name ForeColorFrozen in fg is invalid.
Line 121: The property name WallPaperAlignment in fg is invalid.
Line 122: The property name AccessibleName in fg is invalid.
Line 123: The property name AccessibleDescription in fg is invalid.
Line 124: The property name AccessibleValue in fg is invalid.
Line 125: The property name AccessibleRole in fg is invalid.
